Flow report for SIMPLE
Thu Jul 21 19:22:49 2016
Quartus II 32-bit Version 13.0.1 Build 232 06/12/2013 Service Pack 1 SJ Full Version


---------------------
; Table of Contents ;
---------------------
  1. Legal Notice
  2. Flow Summary
  3. Flow Settings
  4. Flow Non-Default Global Settings
  5. Flow Elapsed Time
  6. Flow OS Summary
  7. Flow Log
  8. Flow Messages
  9. Flow Suppressed Messages



----------------
; Legal Notice ;
----------------
Copyright (C) 1991-2013 Altera Corporation
Your use of Altera Corporation's design tools, logic functions 
and other software and tools, and its AMPP partner logic 
functions, and any output files from any of the foregoing 
(including device programming or simulation files), and any 
associated documentation or information are expressly subject 
to the terms and conditions of the Altera Program License 
Subscription Agreement, Altera MegaCore Function License 
Agreement, or other applicable license agreement, including, 
without limitation, that your use is for the sole purpose of 
programming logic devices manufactured by Altera and sold by 
Altera or its authorized distributors.  Please refer to the 
applicable agreement for further details.



+------------------------------------------------------------------------------+
; Flow Summary                                                                 ;
+---------------------------+--------------------------------------------------+
; Flow Status               ; Successful - Thu Jul 21 19:22:49 2016            ;
; Quartus II 32-bit Version ; 13.0.1 Build 232 06/12/2013 SP 1 SJ Full Version ;
; Revision Name             ; SIMPLE                                           ;
; Top-level Entity Name     ; SIMPLE_                                          ;
; Family                    ; Cyclone                                          ;
; Device                    ; EP1C6Q240C8                                      ;
; Timing Models             ; Final                                            ;
; Total logic elements      ; 1,030 / 5,980 ( 17 % )                           ;
; Total pins                ; 26 / 185 ( 14 % )                                ;
; Total virtual pins        ; 0                                                ;
; Total memory bits         ; 65,536 / 92,160 ( 71 % )                         ;
; Total PLLs                ; 0 / 2 ( 0 % )                                    ;
+---------------------------+--------------------------------------------------+


+-----------------------------------------+
; Flow Settings                           ;
+-------------------+---------------------+
; Option            ; Setting             ;
+-------------------+---------------------+
; Start date & time ; 07/21/2016 19:22:23 ;
; Main task         ; Compilation         ;
; Revision Name     ; SIMPLE              ;
+-------------------+---------------------+


+----------------------------------------------------------------------------------------------------------------------+
; Flow Non-Default Global Settings                                                                                     ;
+-------------------------------------+---------------------------------+---------------+-------------+----------------+
; Assignment Name                     ; Value                           ; Default Value ; Entity Name ; Section Id     ;
+-------------------------------------+---------------------------------+---------------+-------------+----------------+
; COMPILER_SIGNATURE_ID               ; 272744410112597.146909654203848 ; --            ; --          ; --             ;
; EDA_OUTPUT_DATA_FORMAT              ; Vhdl                            ; --            ; --          ; eda_simulation ;
; EDA_SIMULATION_TOOL                 ; ModelSim-Altera (VHDL)          ; <None>        ; --          ; --             ;
; MAX_CORE_JUNCTION_TEMP              ; 85                              ; --            ; --          ; --             ;
; MIN_CORE_JUNCTION_TEMP              ; 0                               ; --            ; --          ; --             ;
; PARTITION_COLOR                     ; 16764057                        ; --            ; SIMPLE_     ; Top            ;
; PARTITION_FITTER_PRESERVATION_LEVEL ; PLACEMENT_AND_ROUTING           ; --            ; SIMPLE_     ; Top            ;
; PARTITION_NETLIST_TYPE              ; SOURCE                          ; --            ; SIMPLE_     ; Top            ;
; PROJECT_OUTPUT_DIRECTORY            ; output_files                    ; --            ; --          ; --             ;
; TOP_LEVEL_ENTITY                    ; SIMPLE_                         ; SIMPLE        ; --          ; --             ;
+-------------------------------------+---------------------------------+---------------+-------------+----------------+


+-------------------------------------------------------------------------------------------------------------------------------+
; Flow Elapsed Time                                                                                                             ;
+---------------------------+--------------+-------------------------+---------------------+------------------------------------+
; Module Name               ; Elapsed Time ; Average Processors Used ; Peak Virtual Memory ; Total CPU Time (on all processors) ;
+---------------------------+--------------+-------------------------+---------------------+------------------------------------+
; Analysis & Synthesis      ; 00:00:06     ; 1.0                     ; 371 MB              ; 00:00:06                           ;
; Fitter                    ; 00:00:08     ; 1.2                     ; 441 MB              ; 00:00:09                           ;
; Assembler                 ; 00:00:01     ; 1.0                     ; 321 MB              ; 00:00:01                           ;
; TimeQuest Timing Analyzer ; 00:00:01     ; 1.0                     ; 312 MB              ; 00:00:01                           ;
; EDA Netlist Writer        ; 00:00:01     ; 1.0                     ; 298 MB              ; 00:00:01                           ;
; Total                     ; 00:00:17     ; --                      ; --                  ; 00:00:18                           ;
+---------------------------+--------------+-------------------------+---------------------+------------------------------------+


+---------------------------------------------------------------------------------------------+
; Flow OS Summary                                                                             ;
+---------------------------+------------------+----------------+------------+----------------+
; Module Name               ; Machine Hostname ; OS Name        ; OS Version ; Processor type ;
+---------------------------+------------------+----------------+------------+----------------+
; Analysis & Synthesis      ; ws53             ; Ubuntu 12.04.5 ; 12         ; x86_64         ;
; Fitter                    ; ws53             ; Ubuntu 12.04.5 ; 12         ; x86_64         ;
; Assembler                 ; ws53             ; Ubuntu 12.04.5 ; 12         ; x86_64         ;
; TimeQuest Timing Analyzer ; ws53             ; Ubuntu 12.04.5 ; 12         ; x86_64         ;
; EDA Netlist Writer        ; ws53             ; Ubuntu 12.04.5 ; 12         ; x86_64         ;
+---------------------------+------------------+----------------+------------+----------------+


------------
; Flow Log ;
------------
quartus_map --read_settings_files=on --write_settings_files=off SIMPLE -c SIMPLE
quartus_fit --read_settings_files=off --write_settings_files=off SIMPLE -c SIMPLE
quartus_asm --read_settings_files=off --write_settings_files=off SIMPLE -c SIMPLE
quartus_sta SIMPLE -c SIMPLE
quartus_eda --read_settings_files=off --write_settings_files=off SIMPLE -c SIMPLE



