Analysis & Synthesis report for SIMPLE
Thu Jul 21 19:22:29 2016
Quartus II 32-bit Version 13.0.1 Build 232 06/12/2013 Service Pack 1 SJ Full Version


---------------------
; Table of Contents ;
---------------------
  1. Legal Notice
  2. Analysis & Synthesis Summary
  3. Analysis & Synthesis Settings
  4. Parallel Compilation
  5. Analysis & Synthesis Source Files Read
  6. Analysis & Synthesis Resource Usage Summary
  7. Analysis & Synthesis Resource Utilization by Entity
  8. Analysis & Synthesis RAM Summary
  9. Analysis & Synthesis IP Cores Summary
 10. User-Specified and Inferred Latches
 11. General Register Statistics
 12. Inverted Register Statistics
 13. Multiplexer Restructuring Statistics (Restructuring Performed)
 14. Source assignments for ram:ram1|altsyncram:altsyncram_component|altsyncram_hve1:auto_generated|altsyncram_jga2:altsyncram1
 15. Parameter Settings for User Entity Instance: ram:ram1|altsyncram:altsyncram_component
 16. altsyncram Parameter Settings by Entity Instance
 17. In-System Memory Content Editor Settings
 18. Elapsed Time Per Partition
 19. Analysis & Synthesis Messages
 20. Analysis & Synthesis Suppressed Messages



----------------
; Legal Notice ;
----------------
Copyright (C) 1991-2013 Altera Corporation
Your use of Altera Corporation's design tools, logic functions 
and other software and tools, and its AMPP partner logic 
functions, and any output files from any of the foregoing 
(including device programming or simulation files), and any 
associated documentation or information are expressly subject 
to the terms and conditions of the Altera Program License 
Subscription Agreement, Altera MegaCore Function License 
Agreement, or other applicable license agreement, including, 
without limitation, that your use is for the sole purpose of 
programming logic devices manufactured by Altera and sold by 
Altera or its authorized distributors.  Please refer to the 
applicable agreement for further details.



+--------------------------------------------------------------------------------+
; Analysis & Synthesis Summary                                                   ;
+-----------------------------+--------------------------------------------------+
; Analysis & Synthesis Status ; Successful - Thu Jul 21 19:22:29 2016            ;
; Quartus II 32-bit Version   ; 13.0.1 Build 232 06/12/2013 SP 1 SJ Full Version ;
; Revision Name               ; SIMPLE                                           ;
; Top-level Entity Name       ; SIMPLE_                                          ;
; Family                      ; Cyclone                                          ;
; Total logic elements        ; 1,198                                            ;
; Total pins                  ; 26                                               ;
; Total virtual pins          ; 0                                                ;
; Total memory bits           ; 65,536                                           ;
; Total PLLs                  ; 0                                                ;
+-----------------------------+--------------------------------------------------+


+----------------------------------------------------------------------------------------------------------------------+
; Analysis & Synthesis Settings                                                                                        ;
+----------------------------------------------------------------------------+--------------------+--------------------+
; Option                                                                     ; Setting            ; Default Value      ;
+----------------------------------------------------------------------------+--------------------+--------------------+
; Device                                                                     ; EP1C6Q240C8        ;                    ;
; Top-level entity name                                                      ; SIMPLE_            ; SIMPLE             ;
; Family name                                                                ; Cyclone            ; Cyclone IV GX      ;
; Use smart compilation                                                      ; Off                ; Off                ;
; Enable parallel Assembler and TimeQuest Timing Analyzer during compilation ; On                 ; On                 ;
; Enable compact report table                                                ; Off                ; Off                ;
; Restructure Multiplexers                                                   ; Auto               ; Auto               ;
; Create Debugging Nodes for IP Cores                                        ; Off                ; Off                ;
; Preserve fewer node names                                                  ; On                 ; On                 ;
; Disable OpenCore Plus hardware evaluation                                  ; Off                ; Off                ;
; Verilog Version                                                            ; Verilog_2001       ; Verilog_2001       ;
; VHDL Version                                                               ; VHDL_1993          ; VHDL_1993          ;
; State Machine Processing                                                   ; Auto               ; Auto               ;
; Safe State Machine                                                         ; Off                ; Off                ;
; Extract Verilog State Machines                                             ; On                 ; On                 ;
; Extract VHDL State Machines                                                ; On                 ; On                 ;
; Ignore Verilog initial constructs                                          ; Off                ; Off                ;
; Iteration limit for constant Verilog loops                                 ; 5000               ; 5000               ;
; Iteration limit for non-constant Verilog loops                             ; 250                ; 250                ;
; Add Pass-Through Logic to Inferred RAMs                                    ; On                 ; On                 ;
; Infer RAMs from Raw Logic                                                  ; On                 ; On                 ;
; Parallel Synthesis                                                         ; On                 ; On                 ;
; NOT Gate Push-Back                                                         ; On                 ; On                 ;
; Power-Up Don't Care                                                        ; On                 ; On                 ;
; Remove Redundant Logic Cells                                               ; Off                ; Off                ;
; Remove Duplicate Registers                                                 ; On                 ; On                 ;
; Ignore CARRY Buffers                                                       ; Off                ; Off                ;
; Ignore CASCADE Buffers                                                     ; Off                ; Off                ;
; Ignore GLOBAL Buffers                                                      ; Off                ; Off                ;
; Ignore ROW GLOBAL Buffers                                                  ; Off                ; Off                ;
; Ignore LCELL Buffers                                                       ; Off                ; Off                ;
; Ignore SOFT Buffers                                                        ; On                 ; On                 ;
; Limit AHDL Integers to 32 Bits                                             ; Off                ; Off                ;
; Optimization Technique                                                     ; Balanced           ; Balanced           ;
; Carry Chain Length                                                         ; 70                 ; 70                 ;
; Auto Carry Chains                                                          ; On                 ; On                 ;
; Auto Open-Drain Pins                                                       ; On                 ; On                 ;
; Perform WYSIWYG Primitive Resynthesis                                      ; Off                ; Off                ;
; Auto ROM Replacement                                                       ; On                 ; On                 ;
; Auto RAM Replacement                                                       ; On                 ; On                 ;
; Auto Shift Register Replacement                                            ; Auto               ; Auto               ;
; Allow Shift Register Merging across Hierarchies                            ; Auto               ; Auto               ;
; Auto Clock Enable Replacement                                              ; On                 ; On                 ;
; Strict RAM Replacement                                                     ; Off                ; Off                ;
; Allow Synchronous Control Signals                                          ; On                 ; On                 ;
; Force Use of Synchronous Clear Signals                                     ; Off                ; Off                ;
; Auto RAM Block Balancing                                                   ; On                 ; On                 ;
; Auto RAM to Logic Cell Conversion                                          ; Off                ; Off                ;
; Auto Resource Sharing                                                      ; Off                ; Off                ;
; Allow Any RAM Size For Recognition                                         ; Off                ; Off                ;
; Allow Any ROM Size For Recognition                                         ; Off                ; Off                ;
; Allow Any Shift Register Size For Recognition                              ; Off                ; Off                ;
; Use LogicLock Constraints during Resource Balancing                        ; On                 ; On                 ;
; Ignore translate_off and synthesis_off directives                          ; Off                ; Off                ;
; Report Parameter Settings                                                  ; On                 ; On                 ;
; Report Source Assignments                                                  ; On                 ; On                 ;
; Report Connectivity Checks                                                 ; On                 ; On                 ;
; Ignore Maximum Fan-Out Assignments                                         ; Off                ; Off                ;
; Synchronization Register Chain Length                                      ; 2                  ; 2                  ;
; PowerPlay Power Optimization                                               ; Normal compilation ; Normal compilation ;
; HDL message level                                                          ; Level2             ; Level2             ;
; Suppress Register Optimization Related Messages                            ; Off                ; Off                ;
; Number of Removed Registers Reported in Synthesis Report                   ; 5000               ; 5000               ;
; Number of Swept Nodes Reported in Synthesis Report                         ; 5000               ; 5000               ;
; Number of Inverted Registers Reported in Synthesis Report                  ; 100                ; 100                ;
; Clock MUX Protection                                                       ; On                 ; On                 ;
; Block Design Naming                                                        ; Auto               ; Auto               ;
; Synthesis Effort                                                           ; Auto               ; Auto               ;
; Shift Register Replacement - Allow Asynchronous Clear Signal               ; On                 ; On                 ;
; Pre-Mapping Resynthesis Optimization                                       ; Off                ; Off                ;
; Analysis & Synthesis Message Level                                         ; Medium             ; Medium             ;
; Disable Register Merging Across Hierarchies                                ; Auto               ; Auto               ;
; Resource Aware Inference For Block RAM                                     ; On                 ; On                 ;
; Synthesis Seed                                                             ; 1                  ; 1                  ;
+----------------------------------------------------------------------------+--------------------+--------------------+


+------------------------------------------+
; Parallel Compilation                     ;
+----------------------------+-------------+
; Processors                 ; Number      ;
+----------------------------+-------------+
; Number detected on machine ; 2           ;
; Maximum allowed            ; 2           ;
;                            ;             ;
; Average used               ; 1.00        ;
; Maximum used               ; 1           ;
;                            ;             ;
; Usage by Processor         ; % Time Used ;
;     Processor 1            ; 100.0%      ;
;     Processor 2            ;   0.0%      ;
+----------------------------+-------------+


+-------------------------------------------------------------------------------------------------------------------------------------------------------------------------------------+
; Analysis & Synthesis Source Files Read                                                                                                                                              ;
+----------------------------------+-----------------+------------------------------------------+---------------------------------------------------------------------------+---------+
; File Name with User-Entered Path ; Used in Netlist ; File Type                                ; File Name with Absolute Path                                              ; Library ;
+----------------------------------+-----------------+------------------------------------------+---------------------------------------------------------------------------+---------+
; ram.v                            ; yes             ; User Wizard-Generated File               ; /home/014/a0147801/hard3/verilog/ram.v                                    ;         ;
; szcv.v                           ; yes             ; User Verilog HDL File                    ; /home/014/a0147801/hard3/verilog/szcv.v                                   ;         ;
; shifter.v                        ; yes             ; User Verilog HDL File                    ; /home/014/a0147801/hard3/verilog/shifter.v                                ;         ;
; rf.v                             ; yes             ; User Verilog HDL File                    ; /home/014/a0147801/hard3/verilog/rf.v                                     ;         ;
; rab.v                            ; yes             ; User Verilog HDL File                    ; /home/014/a0147801/hard3/verilog/rab.v                                    ;         ;
; phase_counter.v                  ; yes             ; User Verilog HDL File                    ; /home/014/a0147801/hard3/verilog/phase_counter.v                          ;         ;
; pc.v                             ; yes             ; User Verilog HDL File                    ; /home/014/a0147801/hard3/verilog/pc.v                                     ;         ;
; out_reg.v                        ; yes             ; User Verilog HDL File                    ; /home/014/a0147801/hard3/verilog/out_reg.v                                ;         ;
; mul7.v                           ; yes             ; User Verilog HDL File                    ; /home/014/a0147801/hard3/verilog/mul7.v                                   ;         ;
; mul6.v                           ; yes             ; User Verilog HDL File                    ; /home/014/a0147801/hard3/verilog/mul6.v                                   ;         ;
; mul5.v                           ; yes             ; User Verilog HDL File                    ; /home/014/a0147801/hard3/verilog/mul5.v                                   ;         ;
; mul4.v                           ; yes             ; User Verilog HDL File                    ; /home/014/a0147801/hard3/verilog/mul4.v                                   ;         ;
; mul3.v                           ; yes             ; User Verilog HDL File                    ; /home/014/a0147801/hard3/verilog/mul3.v                                   ;         ;
; mul2.v                           ; yes             ; User Verilog HDL File                    ; /home/014/a0147801/hard3/verilog/mul2.v                                   ;         ;
; mul1.v                           ; yes             ; User Verilog HDL File                    ; /home/014/a0147801/hard3/verilog/mul1.v                                   ;         ;
; jcalc.v                          ; yes             ; User Verilog HDL File                    ; /home/014/a0147801/hard3/verilog/jcalc.v                                  ;         ;
; ir.v                             ; yes             ; User Verilog HDL File                    ; /home/014/a0147801/hard3/verilog/ir.v                                     ;         ;
; hlt_dff.v                        ; yes             ; User Verilog HDL File                    ; /home/014/a0147801/hard3/verilog/hlt_dff.v                                ;         ;
; calc.v                           ; yes             ; User Verilog HDL File                    ; /home/014/a0147801/hard3/verilog/calc.v                                   ;         ;
; adder.v                          ; yes             ; User Verilog HDL File                    ; /home/014/a0147801/hard3/verilog/adder.v                                  ;         ;
; mul7reg.v                        ; yes             ; User Verilog HDL File                    ; /home/014/a0147801/hard3/verilog/mul7reg.v                                ;         ;
; mul8.v                           ; yes             ; User Verilog HDL File                    ; /home/014/a0147801/hard3/verilog/mul8.v                                   ;         ;
; SIMPLE_.bdf                      ; yes             ; Auto-Found Block Diagram/Schematic File  ; /home/014/a0147801/hard3/verilog/SIMPLE_.bdf                              ;         ;
; altsyncram.tdf                   ; yes             ; Megafunction                             ; /opt/altera/13.0sp1/quartus/libraries/megafunctions/altsyncram.tdf        ;         ;
; stratix_ram_block.inc            ; yes             ; Megafunction                             ; /opt/altera/13.0sp1/quartus/libraries/megafunctions/stratix_ram_block.inc ;         ;
; lpm_mux.inc                      ; yes             ; Megafunction                             ; /opt/altera/13.0sp1/quartus/libraries/megafunctions/lpm_mux.inc           ;         ;
; lpm_decode.inc                   ; yes             ; Megafunction                             ; /opt/altera/13.0sp1/quartus/libraries/megafunctions/lpm_decode.inc        ;         ;
; aglobal130.inc                   ; yes             ; Megafunction                             ; /opt/altera/13.0sp1/quartus/libraries/megafunctions/aglobal130.inc        ;         ;
; a_rdenreg.inc                    ; yes             ; Megafunction                             ; /opt/altera/13.0sp1/quartus/libraries/megafunctions/a_rdenreg.inc         ;         ;
; altrom.inc                       ; yes             ; Megafunction                             ; /opt/altera/13.0sp1/quartus/libraries/megafunctions/altrom.inc            ;         ;
; altram.inc                       ; yes             ; Megafunction                             ; /opt/altera/13.0sp1/quartus/libraries/megafunctions/altram.inc            ;         ;
; altdpram.inc                     ; yes             ; Megafunction                             ; /opt/altera/13.0sp1/quartus/libraries/megafunctions/altdpram.inc          ;         ;
; db/altsyncram_hve1.tdf           ; yes             ; Auto-Generated Megafunction              ; /home/014/a0147801/hard3/verilog/db/altsyncram_hve1.tdf                   ;         ;
; db/altsyncram_jga2.tdf           ; yes             ; Auto-Generated Megafunction              ; /home/014/a0147801/hard3/verilog/db/altsyncram_jga2.tdf                   ;         ;
; ram1.mif                         ; yes             ; Auto-Found Memory Initialization File    ; /home/014/a0147801/hard3/verilog/ram1.mif                                 ;         ;
; sld_mod_ram_rom.vhd              ; yes             ; Encrypted Megafunction                   ; /opt/altera/13.0sp1/quartus/libraries/megafunctions/sld_mod_ram_rom.vhd   ;         ;
; sld_rom_sr.vhd                   ; yes             ; Encrypted Megafunction                   ; /opt/altera/13.0sp1/quartus/libraries/megafunctions/sld_rom_sr.vhd        ;         ;
; sld_hub.vhd                      ; yes             ; Encrypted Megafunction                   ; /opt/altera/13.0sp1/quartus/libraries/megafunctions/sld_hub.vhd           ;         ;
; sld_jtag_hub.vhd                 ; yes             ; Encrypted Megafunction                   ; /opt/altera/13.0sp1/quartus/libraries/megafunctions/sld_jtag_hub.vhd      ;         ;
+----------------------------------+-----------------+------------------------------------------+---------------------------------------------------------------------------+---------+


+-----------------------------------------------------+
; Analysis & Synthesis Resource Usage Summary         ;
+---------------------------------------------+-------+
; Resource                                    ; Usage ;
+---------------------------------------------+-------+
; Total logic elements                        ; 1198  ;
;     -- Combinational with no register       ; 856   ;
;     -- Register only                        ; 193   ;
;     -- Combinational with a register        ; 149   ;
;                                             ;       ;
; Logic element usage by number of LUT inputs ;       ;
;     -- 4 input functions                    ; 528   ;
;     -- 3 input functions                    ; 334   ;
;     -- 2 input functions                    ; 126   ;
;     -- 1 input functions                    ; 15    ;
;     -- 0 input functions                    ; 2     ;
;                                             ;       ;
; Logic elements by mode                      ;       ;
;     -- normal mode                          ; 1085  ;
;     -- arithmetic mode                      ; 113   ;
;     -- qfbk mode                            ; 0     ;
;     -- register cascade mode                ; 0     ;
;     -- synchronous clear/load mode          ; 54    ;
;     -- asynchronous clear/load mode         ; 262   ;
;                                             ;       ;
; Total registers                             ; 342   ;
; Total logic cells in carry chains           ; 124   ;
; I/O pins                                    ; 26    ;
; Total memory bits                           ; 65536 ;
; Maximum fan-out node                        ; clk   ;
; Maximum fan-out                             ; 230   ;
; Total fan-out                               ; 5032  ;
; Average fan-out                             ; 4.04  ;
+---------------------------------------------+-------+


+----------------------------------------------------------------------------------------------------------------------------------------------------------------------------------------------------------------------------------------------------------------------------------------------------------------------------------------------------------------------------------------------------------+
; Analysis & Synthesis Resource Utilization by Entity                                                                                                                                                                                                                                                                                                                                                      ;
+---------------------------------------------------------------------+-------------+--------------+-------------+------+--------------+--------------+-------------------+------------------+-----------------+------------+---------------------------------------------------------------------------------------------------------------------------------------------------------------+--------------+
; Compilation Hierarchy Node                                          ; Logic Cells ; LC Registers ; Memory Bits ; Pins ; Virtual Pins ; LUT-Only LCs ; Register-Only LCs ; LUT/Register LCs ; Carry Chain LCs ; Packed LCs ; Full Hierarchy Name                                                                                                                                           ; Library Name ;
+---------------------------------------------------------------------+-------------+--------------+-------------+------+--------------+--------------+-------------------+------------------+-----------------+------------+---------------------------------------------------------------------------------------------------------------------------------------------------------------+--------------+
; |SIMPLE_                                                            ; 1198 (1)    ; 342          ; 65536       ; 26   ; 0            ; 856 (1)      ; 193 (0)           ; 149 (0)          ; 124 (0)         ; 0 (0)      ; |SIMPLE_                                                                                                                                                      ; work         ;
;    |adder:inst5|                                                    ; 12 (12)     ; 0            ; 0           ; 0    ; 0            ; 12 (12)      ; 0 (0)             ; 0 (0)            ; 12 (12)         ; 0 (0)      ; |SIMPLE_|adder:inst5                                                                                                                                          ; work         ;
;    |calc:inst1|                                                     ; 470 (470)   ; 0            ; 0           ; 0    ; 0            ; 470 (470)    ; 0 (0)             ; 0 (0)            ; 68 (68)         ; 0 (0)      ; |SIMPLE_|calc:inst1                                                                                                                                           ; work         ;
;    |hlt_dff:hlt_dff|                                                ; 2 (2)       ; 1            ; 0           ; 0    ; 0            ; 1 (1)        ; 0 (0)             ; 1 (1)            ; 0 (0)           ; 0 (0)      ; |SIMPLE_|hlt_dff:hlt_dff                                                                                                                                      ; work         ;
;    |ir:ir1|                                                         ; 16 (16)     ; 16           ; 0           ; 0    ; 0            ; 0 (0)        ; 16 (16)           ; 0 (0)            ; 0 (0)           ; 0 (0)      ; |SIMPLE_|ir:ir1                                                                                                                                               ; work         ;
;    |jcalc:jcalc|                                                    ; 4 (4)       ; 0            ; 0           ; 0    ; 0            ; 4 (4)        ; 0 (0)             ; 0 (0)            ; 0 (0)           ; 0 (0)      ; |SIMPLE_|jcalc:jcalc                                                                                                                                          ; work         ;
;    |mul1:inst6|                                                     ; 128 (128)   ; 0            ; 0           ; 0    ; 0            ; 128 (128)    ; 0 (0)             ; 0 (0)            ; 0 (0)           ; 0 (0)      ; |SIMPLE_|mul1:inst6                                                                                                                                           ; work         ;
;    |mul2:inst19|                                                    ; 4 (4)       ; 0            ; 0           ; 0    ; 0            ; 4 (4)        ; 0 (0)             ; 0 (0)            ; 0 (0)           ; 0 (0)      ; |SIMPLE_|mul2:inst19                                                                                                                                          ; work         ;
;    |mul3:inst18|                                                    ; 31 (31)     ; 0            ; 0           ; 0    ; 0            ; 31 (31)      ; 0 (0)             ; 0 (0)            ; 0 (0)           ; 0 (0)      ; |SIMPLE_|mul3:inst18                                                                                                                                          ; work         ;
;    |mul4:inst10|                                                    ; 76 (76)     ; 0            ; 0           ; 0    ; 0            ; 76 (76)      ; 0 (0)             ; 0 (0)            ; 0 (0)           ; 0 (0)      ; |SIMPLE_|mul4:inst10                                                                                                                                          ; work         ;
;    |mul5:inst9|                                                     ; 1 (1)       ; 0            ; 0           ; 0    ; 0            ; 1 (1)        ; 0 (0)             ; 0 (0)            ; 0 (0)           ; 0 (0)      ; |SIMPLE_|mul5:inst9                                                                                                                                           ; work         ;
;    |mul7:inst12|                                                    ; 16 (16)     ; 0            ; 0           ; 0    ; 0            ; 16 (16)      ; 0 (0)             ; 0 (0)            ; 0 (0)           ; 0 (0)      ; |SIMPLE_|mul7:inst12                                                                                                                                          ; work         ;
;    |mul7reg:mul7reg1|                                               ; 16 (16)     ; 16           ; 0           ; 0    ; 0            ; 0 (0)        ; 16 (16)           ; 0 (0)            ; 0 (0)           ; 0 (0)      ; |SIMPLE_|mul7reg:mul7reg1                                                                                                                                     ; work         ;
;    |mul8:inst|                                                      ; 2 (2)       ; 0            ; 0           ; 0    ; 0            ; 2 (2)        ; 0 (0)             ; 0 (0)            ; 0 (0)           ; 0 (0)      ; |SIMPLE_|mul8:inst                                                                                                                                            ; work         ;
;    |pc:pc1|                                                         ; 13 (13)     ; 12           ; 0           ; 0    ; 0            ; 1 (1)        ; 0 (0)             ; 12 (12)          ; 12 (12)         ; 0 (0)      ; |SIMPLE_|pc:pc1                                                                                                                                               ; work         ;
;    |phase_counter:phase_counter1|                                   ; 10 (10)     ; 6            ; 0           ; 0    ; 0            ; 4 (4)        ; 2 (2)             ; 4 (4)            ; 0 (0)           ; 0 (0)      ; |SIMPLE_|phase_counter:phase_counter1                                                                                                                         ; work         ;
;    |rab:inst20|                                                     ; 32 (32)     ; 32           ; 0           ; 0    ; 0            ; 0 (0)        ; 0 (0)             ; 32 (32)          ; 0 (0)           ; 0 (0)      ; |SIMPLE_|rab:inst20                                                                                                                                           ; work         ;
;    |ram:ram1|                                                       ; 83 (0)      ; 48           ; 65536       ; 0    ; 0            ; 35 (0)       ; 4 (0)             ; 44 (0)           ; 22 (0)          ; 0 (0)      ; |SIMPLE_|ram:ram1                                                                                                                                             ; work         ;
;       |altsyncram:altsyncram_component|                             ; 83 (0)      ; 48           ; 65536       ; 0    ; 0            ; 35 (0)       ; 4 (0)             ; 44 (0)           ; 22 (0)          ; 0 (0)      ; |SIMPLE_|ram:ram1|altsyncram:altsyncram_component                                                                                                             ; work         ;
;          |altsyncram_hve1:auto_generated|                           ; 83 (0)      ; 48           ; 65536       ; 0    ; 0            ; 35 (0)       ; 4 (0)             ; 44 (0)           ; 22 (0)          ; 0 (0)      ; |SIMPLE_|ram:ram1|altsyncram:altsyncram_component|altsyncram_hve1:auto_generated                                                                              ; work         ;
;             |altsyncram_jga2:altsyncram1|                           ; 0 (0)       ; 0            ; 65536       ; 0    ; 0            ; 0 (0)        ; 0 (0)             ; 0 (0)            ; 0 (0)           ; 0 (0)      ; |SIMPLE_|ram:ram1|altsyncram:altsyncram_component|altsyncram_hve1:auto_generated|altsyncram_jga2:altsyncram1                                                  ; work         ;
;             |sld_mod_ram_rom:mgl_prim2|                             ; 83 (58)     ; 48           ; 0           ; 0    ; 0            ; 35 (19)      ; 4 (4)             ; 44 (35)          ; 22 (17)         ; 0 (0)      ; |SIMPLE_|ram:ram1|altsyncram:altsyncram_component|altsyncram_hve1:auto_generated|sld_mod_ram_rom:mgl_prim2                                                    ; work         ;
;                |sld_rom_sr:\ram_rom_logic_gen:name_gen:info_rom_sr| ; 25 (25)     ; 9            ; 0           ; 0    ; 0            ; 16 (16)      ; 0 (0)             ; 9 (9)            ; 5 (5)           ; 0 (0)      ; |SIMPLE_|ram:ram1|altsyncram:altsyncram_component|altsyncram_hve1:auto_generated|sld_mod_ram_rom:mgl_prim2|sld_rom_sr:\ram_rom_logic_gen:name_gen:info_rom_sr ; work         ;
;    |rf:inst7|                                                       ; 136 (136)   ; 128          ; 0           ; 0    ; 0            ; 8 (8)        ; 128 (128)         ; 0 (0)            ; 0 (0)           ; 0 (0)      ; |SIMPLE_|rf:inst7                                                                                                                                             ; work         ;
;    |sld_hub:auto_hub|                                               ; 142 (1)     ; 80           ; 0           ; 0    ; 0            ; 62 (1)       ; 24 (0)            ; 56 (0)           ; 10 (0)          ; 0 (0)      ; |SIMPLE_|sld_hub:auto_hub                                                                                                                                     ; work         ;
;       |sld_jtag_hub:\jtag_hub_gen:sld_jtag_hub_inst|                ; 141 (100)   ; 80           ; 0           ; 0    ; 0            ; 61 (48)      ; 24 (22)           ; 56 (30)          ; 10 (5)          ; 0 (0)      ; |SIMPLE_|sld_hub:auto_hub|sld_jtag_hub:\jtag_hub_gen:sld_jtag_hub_inst                                                                                        ; work         ;
;          |sld_rom_sr:hub_info_reg|                                  ; 21 (21)     ; 9            ; 0           ; 0    ; 0            ; 12 (12)      ; 0 (0)             ; 9 (9)            ; 5 (5)           ; 0 (0)      ; |SIMPLE_|sld_hub:auto_hub|sld_jtag_hub:\jtag_hub_gen:sld_jtag_hub_inst|sld_rom_sr:hub_info_reg                                                                ; work         ;
;          |sld_shadow_jsm:shadow_jsm|                                ; 20 (20)     ; 19           ; 0           ; 0    ; 0            ; 1 (1)        ; 2 (2)             ; 17 (17)          ; 0 (0)           ; 0 (0)      ; |SIMPLE_|sld_hub:auto_hub|sld_jtag_hub:\jtag_hub_gen:sld_jtag_hub_inst|sld_shadow_jsm:shadow_jsm                                                              ; work         ;
;    |szcv:inst2|                                                     ; 3 (3)       ; 3            ; 0           ; 0    ; 0            ; 0 (0)        ; 3 (3)             ; 0 (0)            ; 0 (0)           ; 0 (0)      ; |SIMPLE_|szcv:inst2                                                                                                                                           ; work         ;
+---------------------------------------------------------------------+-------------+--------------+-------------+------+--------------+--------------+-------------------+------------------+-----------------+------------+---------------------------------------------------------------------------------------------------------------------------------------------------------------+--------------+
Note: For table entries with two numbers listed, the numbers in parentheses indicate the number of resources of the given type used by the specific entity alone. The numbers listed outside of parentheses indicate the total resources of the given type used by the specific entity and all of its sub-entities in the hierarchy.


+--------------------------------------------------------------------------------------------------------------------------------------------------------------------------------------------------------------------------+
; Analysis & Synthesis RAM Summary                                                                                                                                                                                         ;
+----------------------------------------------------------------------------------------------------------------+------+----------------+--------------+--------------+--------------+--------------+-------+-------------+
; Name                                                                                                           ; Type ; Mode           ; Port A Depth ; Port A Width ; Port B Depth ; Port B Width ; Size  ; MIF         ;
+----------------------------------------------------------------------------------------------------------------+------+----------------+--------------+--------------+--------------+--------------+-------+-------------+
; ram:ram1|altsyncram:altsyncram_component|altsyncram_hve1:auto_generated|altsyncram_jga2:altsyncram1|ALTSYNCRAM ; AUTO ; True Dual Port ; 4096         ; 16           ; 4096         ; 16           ; 65536 ; ../ram1.mif ;
+----------------------------------------------------------------------------------------------------------------+------+----------------+--------------+--------------+--------------+--------------+-------+-------------+


+----------------------------------------------------------------------------------------------------------------------------+
; Analysis & Synthesis IP Cores Summary                                                                                      ;
+--------+--------------+---------+--------------+--------------+-------------------+----------------------------------------+
; Vendor ; IP Core Name ; Version ; Release Date ; License Type ; Entity Instance   ; IP Include File                        ;
+--------+--------------+---------+--------------+--------------+-------------------+----------------------------------------+
; Altera ; RAM: 1-PORT  ; N/A     ; N/A          ; N/A          ; |SIMPLE_|ram:ram1 ; /home/014/a0147801/hard3/verilog/ram.v ;
+--------+--------------+---------+--------------+--------------+-------------------+----------------------------------------+


+---------------------------------------------------------------------------------------------------+
; User-Specified and Inferred Latches                                                               ;
+----------------------------------------------------+---------------------+------------------------+
; Latch Name                                         ; Latch Enable Signal ; Free of Timing Hazards ;
+----------------------------------------------------+---------------------+------------------------+
; calc:inst1|s1                                      ; calc:inst1|s1       ; yes                    ;
; calc:inst1|z1                                      ; calc:inst1|s1       ; yes                    ;
; calc:inst1|c1                                      ; calc:inst1|s1       ; yes                    ;
; calc:inst1|v1                                      ; calc:inst1|v1       ; yes                    ;
; Number of user-specified and inferred latches = 4  ;                     ;                        ;
+----------------------------------------------------+---------------------+------------------------+
Note: All latches listed above may not be present at the end of synthesis due to various synthesis optimizations.


+------------------------------------------------------+
; General Register Statistics                          ;
+----------------------------------------------+-------+
; Statistic                                    ; Value ;
+----------------------------------------------+-------+
; Total registers                              ; 342   ;
; Number of registers using Synchronous Clear  ; 19    ;
; Number of registers using Synchronous Load   ; 35    ;
; Number of registers using Asynchronous Clear ; 262   ;
; Number of registers using Asynchronous Load  ; 0     ;
; Number of registers using Clock Enable       ; 289   ;
; Number of registers using Preset             ; 0     ;
+----------------------------------------------+-------+


+----------------------------------------------------------------------------------------+
; Inverted Register Statistics                                                           ;
+------------------------------------------------------------------------------+---------+
; Inverted Register                                                            ; Fan out ;
+------------------------------------------------------------------------------+---------+
; hlt_dff:hlt_dff|enable                                                       ; 4       ;
; sld_hub:auto_hub|sld_jtag_hub:\jtag_hub_gen:sld_jtag_hub_inst|tdo            ; 1       ;
; sld_hub:auto_hub|sld_jtag_hub:\jtag_hub_gen:sld_jtag_hub_inst|jtag_ir_reg[2] ; 2       ;
; sld_hub:auto_hub|sld_jtag_hub:\jtag_hub_gen:sld_jtag_hub_inst|jtag_ir_reg[1] ; 3       ;
; Total number of inverted registers = 4                                       ;         ;
+------------------------------------------------------------------------------+---------+


+---------------------------------------------------------------------------------------------------------------------------------------------------------------------------------------------------------------------------------------------------------------------------------------------+
; Multiplexer Restructuring Statistics (Restructuring Performed)                                                                                                                                                                                                                              ;
+--------------------+-----------+---------------+----------------------+------------------------+------------+-------------------------------------------------------------------------------------------------------------------------------------------------------------------------------+
; Multiplexer Inputs ; Bus Width ; Baseline Area ; Area if Restructured ; Saving if Restructured ; Registered ; Example Multiplexer Output                                                                                                                                                    ;
+--------------------+-----------+---------------+----------------------+------------------------+------------+-------------------------------------------------------------------------------------------------------------------------------------------------------------------------------+
; 3:1                ; 12 bits   ; 24 LEs        ; 12 LEs               ; 12 LEs                 ; Yes        ; |SIMPLE_|pc:pc1|pc_out[9]                                                                                                                                                     ;
; 3:1                ; 5 bits    ; 10 LEs        ; 5 LEs                ; 5 LEs                  ; Yes        ; |SIMPLE_|ram:ram1|altsyncram:altsyncram_component|altsyncram_hve1:auto_generated|sld_mod_ram_rom:mgl_prim2|ram_rom_data_shift_cntr_reg[0]                                     ;
; 3:1                ; 16 bits   ; 32 LEs        ; 16 LEs               ; 16 LEs                 ; Yes        ; |SIMPLE_|ram:ram1|altsyncram:altsyncram_component|altsyncram_hve1:auto_generated|sld_mod_ram_rom:mgl_prim2|ram_rom_data_reg[6]                                                ;
; 3:1                ; 12 bits   ; 24 LEs        ; 12 LEs               ; 12 LEs                 ; Yes        ; |SIMPLE_|ram:ram1|altsyncram:altsyncram_component|altsyncram_hve1:auto_generated|sld_mod_ram_rom:mgl_prim2|ram_rom_addr_reg[7]                                                ;
; 8:1                ; 16 bits   ; 80 LEs        ; 80 LEs               ; 0 LEs                  ; Yes        ; |SIMPLE_|rab:inst20|a_out[2]                                                                                                                                                  ;
; 8:1                ; 16 bits   ; 80 LEs        ; 80 LEs               ; 0 LEs                  ; Yes        ; |SIMPLE_|rab:inst20|b_out[2]                                                                                                                                                  ;
; 9:1                ; 2 bits    ; 12 LEs        ; 8 LEs                ; 4 LEs                  ; Yes        ; |SIMPLE_|phase_counter:phase_counter1|out_phase[1]                                                                                                                            ;
; 5:1                ; 5 bits    ; 15 LEs        ; 5 LEs                ; 10 LEs                 ; Yes        ; |SIMPLE_|ram:ram1|altsyncram:altsyncram_component|altsyncram_hve1:auto_generated|sld_mod_ram_rom:mgl_prim2|sld_rom_sr:\ram_rom_logic_gen:name_gen:info_rom_sr|word_counter[0] ;
; 24:1               ; 4 bits    ; 64 LEs        ; 48 LEs               ; 16 LEs                 ; Yes        ; |SIMPLE_|ram:ram1|altsyncram:altsyncram_component|altsyncram_hve1:auto_generated|sld_mod_ram_rom:mgl_prim2|sld_rom_sr:\ram_rom_logic_gen:name_gen:info_rom_sr|WORD_SR[0]      ;
; 3:1                ; 12 bits   ; 24 LEs        ; 12 LEs               ; 12 LEs                 ; No         ; |SIMPLE_|mul3:inst18|address[6]                                                                                                                                               ;
; 41:1               ; 3 bits    ; 81 LEs        ; 36 LEs               ; 45 LEs                 ; No         ; |SIMPLE_|calc:inst1|result[11]                                                                                                                                                ;
; 41:1               ; 3 bits    ; 81 LEs        ; 39 LEs               ; 42 LEs                 ; No         ; |SIMPLE_|calc:inst1|result[6]                                                                                                                                                 ;
; 42:1               ; 2 bits    ; 56 LEs        ; 28 LEs               ; 28 LEs                 ; No         ; |SIMPLE_|calc:inst1|result[2]                                                                                                                                                 ;
; 42:1               ; 3 bits    ; 84 LEs        ; 36 LEs               ; 48 LEs                 ; No         ; |SIMPLE_|mul4:inst10|result[12]                                                                                                                                               ;
+--------------------+-----------+---------------+----------------------+------------------------+------------+-------------------------------------------------------------------------------------------------------------------------------------------------------------------------------+


+----------------------------------------------------------------------------------------------------------------------------+
; Source assignments for ram:ram1|altsyncram:altsyncram_component|altsyncram_hve1:auto_generated|altsyncram_jga2:altsyncram1 ;
+---------------------------------+--------------------+------+--------------------------------------------------------------+
; Assignment                      ; Value              ; From ; To                                                           ;
+---------------------------------+--------------------+------+--------------------------------------------------------------+
; OPTIMIZE_POWER_DURING_SYNTHESIS ; NORMAL_COMPILATION ; -    ; -                                                            ;
+---------------------------------+--------------------+------+--------------------------------------------------------------+


+---------------------------------------------------------------------------------------+
; Parameter Settings for User Entity Instance: ram:ram1|altsyncram:altsyncram_component ;
+------------------------------------+----------------------+---------------------------+
; Parameter Name                     ; Value                ; Type                      ;
+------------------------------------+----------------------+---------------------------+
; BYTE_SIZE_BLOCK                    ; 8                    ; Untyped                   ;
; AUTO_CARRY_CHAINS                  ; ON                   ; AUTO_CARRY                ;
; IGNORE_CARRY_BUFFERS               ; OFF                  ; IGNORE_CARRY              ;
; AUTO_CASCADE_CHAINS                ; ON                   ; AUTO_CASCADE              ;
; IGNORE_CASCADE_BUFFERS             ; OFF                  ; IGNORE_CASCADE            ;
; WIDTH_BYTEENA                      ; 1                    ; Untyped                   ;
; OPERATION_MODE                     ; SINGLE_PORT          ; Untyped                   ;
; WIDTH_A                            ; 16                   ; Signed Integer            ;
; WIDTHAD_A                          ; 12                   ; Signed Integer            ;
; NUMWORDS_A                         ; 4096                 ; Signed Integer            ;
; OUTDATA_REG_A                      ; UNREGISTERED         ; Untyped                   ;
; ADDRESS_ACLR_A                     ; NONE                 ; Untyped                   ;
; OUTDATA_ACLR_A                     ; NONE                 ; Untyped                   ;
; WRCONTROL_ACLR_A                   ; NONE                 ; Untyped                   ;
; INDATA_ACLR_A                      ; NONE                 ; Untyped                   ;
; BYTEENA_ACLR_A                     ; NONE                 ; Untyped                   ;
; WIDTH_B                            ; 1                    ; Untyped                   ;
; WIDTHAD_B                          ; 1                    ; Untyped                   ;
; NUMWORDS_B                         ; 1                    ; Untyped                   ;
; INDATA_REG_B                       ; CLOCK1               ; Untyped                   ;
; WRCONTROL_WRADDRESS_REG_B          ; CLOCK1               ; Untyped                   ;
; RDCONTROL_REG_B                    ; CLOCK1               ; Untyped                   ;
; ADDRESS_REG_B                      ; CLOCK1               ; Untyped                   ;
; OUTDATA_REG_B                      ; UNREGISTERED         ; Untyped                   ;
; BYTEENA_REG_B                      ; CLOCK1               ; Untyped                   ;
; INDATA_ACLR_B                      ; NONE                 ; Untyped                   ;
; WRCONTROL_ACLR_B                   ; NONE                 ; Untyped                   ;
; ADDRESS_ACLR_B                     ; NONE                 ; Untyped                   ;
; OUTDATA_ACLR_B                     ; NONE                 ; Untyped                   ;
; RDCONTROL_ACLR_B                   ; NONE                 ; Untyped                   ;
; BYTEENA_ACLR_B                     ; NONE                 ; Untyped                   ;
; WIDTH_BYTEENA_A                    ; 1                    ; Signed Integer            ;
; WIDTH_BYTEENA_B                    ; 1                    ; Untyped                   ;
; RAM_BLOCK_TYPE                     ; AUTO                 ; Untyped                   ;
; BYTE_SIZE                          ; 8                    ; Untyped                   ;
; READ_DURING_WRITE_MODE_MIXED_PORTS ; DONT_CARE            ; Untyped                   ;
; READ_DURING_WRITE_MODE_PORT_A      ; NEW_DATA_NO_NBE_READ ; Untyped                   ;
; READ_DURING_WRITE_MODE_PORT_B      ; NEW_DATA_NO_NBE_READ ; Untyped                   ;
; INIT_FILE                          ; ../ram1.mif          ; Untyped                   ;
; INIT_FILE_LAYOUT                   ; PORT_A               ; Untyped                   ;
; MAXIMUM_DEPTH                      ; 0                    ; Untyped                   ;
; CLOCK_ENABLE_INPUT_A               ; NORMAL               ; Untyped                   ;
; CLOCK_ENABLE_INPUT_B               ; NORMAL               ; Untyped                   ;
; CLOCK_ENABLE_OUTPUT_A              ; NORMAL               ; Untyped                   ;
; CLOCK_ENABLE_OUTPUT_B              ; NORMAL               ; Untyped                   ;
; CLOCK_ENABLE_CORE_A                ; USE_INPUT_CLKEN      ; Untyped                   ;
; CLOCK_ENABLE_CORE_B                ; USE_INPUT_CLKEN      ; Untyped                   ;
; ENABLE_ECC                         ; FALSE                ; Untyped                   ;
; ECC_PIPELINE_STAGE_ENABLED         ; FALSE                ; Untyped                   ;
; WIDTH_ECCSTATUS                    ; 3                    ; Untyped                   ;
; DEVICE_FAMILY                      ; Cyclone              ; Untyped                   ;
; CBXI_PARAMETER                     ; altsyncram_hve1      ; Untyped                   ;
+------------------------------------+----------------------+---------------------------+
Note: In order to hide this table in the UI and the text report file, please set the "Show Parameter Settings in Synthesis Report" option in "Analysis and Synthesis Settings -> More Settings" to "Off".


+--------------------------------------------------------------------------------------+
; altsyncram Parameter Settings by Entity Instance                                     ;
+-------------------------------------------+------------------------------------------+
; Name                                      ; Value                                    ;
+-------------------------------------------+------------------------------------------+
; Number of entity instances                ; 1                                        ;
; Entity Instance                           ; ram:ram1|altsyncram:altsyncram_component ;
;     -- OPERATION_MODE                     ; SINGLE_PORT                              ;
;     -- WIDTH_A                            ; 16                                       ;
;     -- NUMWORDS_A                         ; 4096                                     ;
;     -- OUTDATA_REG_A                      ; UNREGISTERED                             ;
;     -- WIDTH_B                            ; 1                                        ;
;     -- NUMWORDS_B                         ; 1                                        ;
;     -- ADDRESS_REG_B                      ; CLOCK1                                   ;
;     -- OUTDATA_REG_B                      ; UNREGISTERED                             ;
;     -- RAM_BLOCK_TYPE                     ; AUTO                                     ;
;     -- READ_DURING_WRITE_MODE_MIXED_PORTS ; DONT_CARE                                ;
+-------------------------------------------+------------------------------------------+


+-------------------------------------------------------------------------------------------------------------------------------------+
; In-System Memory Content Editor Settings                                                                                            ;
+----------------+-------------+-------+-------+------------+-------------------------------------------------------------------------+
; Instance Index ; Instance ID ; Width ; Depth ; Mode       ; Hierarchy Location                                                      ;
+----------------+-------------+-------+-------+------------+-------------------------------------------------------------------------+
; 0              ; ram1        ; 16    ; 4096  ; Read/Write ; ram:ram1|altsyncram:altsyncram_component|altsyncram_hve1:auto_generated ;
+----------------+-------------+-------+-------+------------+-------------------------------------------------------------------------+


+-------------------------------+
; Elapsed Time Per Partition    ;
+----------------+--------------+
; Partition Name ; Elapsed Time ;
+----------------+--------------+
; Top            ; 00:00:03     ;
+----------------+--------------+


+-------------------------------+
; Analysis & Synthesis Messages ;
+-------------------------------+
Info: *******************************************************************
Info: Running Quartus II 32-bit Analysis & Synthesis
    Info: Version 13.0.1 Build 232 06/12/2013 Service Pack 1 SJ Full Version
    Info: Processing started: Thu Jul 21 19:22:22 2016
Info: Command: quartus_map --read_settings_files=on --write_settings_files=off SIMPLE -c SIMPLE
Info (20030): Parallel compilation is enabled and will use 2 of the 2 processors detected
Info (12021): Found 1 design units, including 1 entities, in source file ram.v
    Info (12023): Found entity 1: ram
Info (12021): Found 1 design units, including 1 entities, in source file szcv.v
    Info (12023): Found entity 1: szcv
Info (12021): Found 1 design units, including 1 entities, in source file shifter.v
    Info (12023): Found entity 1: shifter
Info (12021): Found 1 design units, including 1 entities, in source file rf.v
    Info (12023): Found entity 1: rf
Info (12021): Found 1 design units, including 1 entities, in source file rab.v
    Info (12023): Found entity 1: rab
Info (12021): Found 1 design units, including 1 entities, in source file phase_counter.v
    Info (12023): Found entity 1: phase_counter
Info (12021): Found 1 design units, including 1 entities, in source file pc.v
    Info (12023): Found entity 1: pc
Info (12021): Found 1 design units, including 1 entities, in source file out_reg.v
    Info (12023): Found entity 1: out_reg
Info (12021): Found 1 design units, including 1 entities, in source file mul7.v
    Info (12023): Found entity 1: mul7
Info (12021): Found 1 design units, including 1 entities, in source file mul6.v
    Info (12023): Found entity 1: mul6
Info (12021): Found 1 design units, including 1 entities, in source file mul5.v
    Info (12023): Found entity 1: mul5
Info (12021): Found 1 design units, including 1 entities, in source file mul4.v
    Info (12023): Found entity 1: mul4
Info (12021): Found 1 design units, including 1 entities, in source file mul3.v
    Info (12023): Found entity 1: mul3
Info (12021): Found 1 design units, including 1 entities, in source file mul2.v
    Info (12023): Found entity 1: mul2
Info (12021): Found 1 design units, including 1 entities, in source file mul1.v
    Info (12023): Found entity 1: mul1
Info (12021): Found 1 design units, including 1 entities, in source file jcalc.v
    Info (12023): Found entity 1: jcalc
Info (12021): Found 1 design units, including 1 entities, in source file ir.v
    Info (12023): Found entity 1: ir
Info (12021): Found 1 design units, including 1 entities, in source file hlt_dff.v
    Info (12023): Found entity 1: hlt_dff
Info (12021): Found 1 design units, including 1 entities, in source file calc.v
    Info (12023): Found entity 1: calc
Info (12021): Found 1 design units, including 1 entities, in source file adder.v
    Info (12023): Found entity 1: adder
Info (12021): Found 1 design units, including 1 entities, in source file mul7reg.v
    Info (12023): Found entity 1: mul7reg
Info (12021): Found 1 design units, including 1 entities, in source file mul8.v
    Info (12023): Found entity 1: mul8
Warning (12125): Using design file SIMPLE_.bdf, which is not specified as a design file for the current project, but contains definitions for 1 design units and 1 entities in project
    Info (12023): Found entity 1: SIMPLE_
Info (12127): Elaborating entity "SIMPLE_" for the top level hierarchy
Warning (275002): No superset bus at connection
Info (12128): Elaborating entity "ir" for hierarchy "ir:ir1"
Info (12128): Elaborating entity "phase_counter" for hierarchy "phase_counter:phase_counter1"
Info (10264): Verilog HDL Case Statement information at phase_counter.v(17): all case item expressions in this case statement are onehot
Info (12128): Elaborating entity "hlt_dff" for hierarchy "hlt_dff:hlt_dff"
Info (12128): Elaborating entity "mul7" for hierarchy "mul7:inst12"
Info (12128): Elaborating entity "mul7reg" for hierarchy "mul7reg:mul7reg1"
Info (12128): Elaborating entity "ram" for hierarchy "ram:ram1"
Info (12128): Elaborating entity "altsyncram" for hierarchy "ram:ram1|altsyncram:altsyncram_component"
Info (12130): Elaborated megafunction instantiation "ram:ram1|altsyncram:altsyncram_component"
Info (12133): Instantiated megafunction "ram:ram1|altsyncram:altsyncram_component" with the following parameter:
    Info (12134): Parameter "address_aclr_a" = "NONE"
    Info (12134): Parameter "indata_aclr_a" = "NONE"
    Info (12134): Parameter "init_file" = "../ram1.mif"
    Info (12134): Parameter "intended_device_family" = "Cyclone"
    Info (12134): Parameter "lpm_hint" = "ENABLE_RUNTIME_MOD=YES,INSTANCE_NAME=ram1"
    Info (12134): Parameter "lpm_type" = "altsyncram"
    Info (12134): Parameter "numwords_a" = "4096"
    Info (12134): Parameter "operation_mode" = "SINGLE_PORT"
    Info (12134): Parameter "outdata_aclr_a" = "NONE"
    Info (12134): Parameter "outdata_reg_a" = "UNREGISTERED"
    Info (12134): Parameter "power_up_uninitialized" = "FALSE"
    Info (12134): Parameter "widthad_a" = "12"
    Info (12134): Parameter "width_a" = "16"
    Info (12134): Parameter "width_byteena_a" = "1"
    Info (12134): Parameter "wrcontrol_aclr_a" = "NONE"
Info (12021): Found 1 design units, including 1 entities, in source file db/altsyncram_hve1.tdf
    Info (12023): Found entity 1: altsyncram_hve1
Info (12128): Elaborating entity "altsyncram_hve1" for hierarchy "ram:ram1|altsyncram:altsyncram_component|altsyncram_hve1:auto_generated"
Info (12021): Found 1 design units, including 1 entities, in source file db/altsyncram_jga2.tdf
    Info (12023): Found entity 1: altsyncram_jga2
Info (12128): Elaborating entity "altsyncram_jga2" for hierarchy "ram:ram1|altsyncram:altsyncram_component|altsyncram_hve1:auto_generated|altsyncram_jga2:altsyncram1"
Info (12128): Elaborating entity "sld_mod_ram_rom" for hierarchy "ram:ram1|altsyncram:altsyncram_component|altsyncram_hve1:auto_generated|sld_mod_ram_rom:mgl_prim2"
Info (12130): Elaborated megafunction instantiation "ram:ram1|altsyncram:altsyncram_component|altsyncram_hve1:auto_generated|sld_mod_ram_rom:mgl_prim2"
Info (12133): Instantiated megafunction "ram:ram1|altsyncram:altsyncram_component|altsyncram_hve1:auto_generated|sld_mod_ram_rom:mgl_prim2" with the following parameter:
    Info (12134): Parameter "CVALUE" = "0000000000000000"
    Info (12134): Parameter "IS_DATA_IN_RAM" = "1"
    Info (12134): Parameter "IS_READABLE" = "1"
    Info (12134): Parameter "NODE_NAME" = "1918987569"
    Info (12134): Parameter "NUMWORDS" = "4096"
    Info (12134): Parameter "SHIFT_COUNT_BITS" = "5"
    Info (12134): Parameter "WIDTH_WORD" = "16"
    Info (12134): Parameter "WIDTHAD" = "12"
Info (12128): Elaborating entity "sld_rom_sr" for hierarchy "ram:ram1|altsyncram:altsyncram_component|altsyncram_hve1:auto_generated|sld_mod_ram_rom:mgl_prim2|sld_rom_sr:\ram_rom_logic_gen:name_gen:info_rom_sr"
Info (12128): Elaborating entity "mul3" for hierarchy "mul3:inst18"
Info (12128): Elaborating entity "pc" for hierarchy "pc:pc1"
Info (12128): Elaborating entity "mul5" for hierarchy "mul5:inst9"
Info (12128): Elaborating entity "jcalc" for hierarchy "jcalc:jcalc"
Info (12128): Elaborating entity "szcv" for hierarchy "szcv:inst2"
Info (12128): Elaborating entity "mul8" for hierarchy "mul8:inst"
Info (12128): Elaborating entity "calc" for hierarchy "calc:inst1"
Info (10264): Verilog HDL Case Statement information at calc.v(138): all case item expressions in this case statement are onehot
Warning (10240): Verilog HDL Always Construct warning at calc.v(35): inferring latch(es) for variable "c1", which holds its previous value in one or more paths through the always construct
Warning (10240): Verilog HDL Always Construct warning at calc.v(35): inferring latch(es) for variable "v1", which holds its previous value in one or more paths through the always construct
Warning (10240): Verilog HDL Always Construct warning at calc.v(35): inferring latch(es) for variable "s1", which holds its previous value in one or more paths through the always construct
Warning (10240): Verilog HDL Always Construct warning at calc.v(35): inferring latch(es) for variable "z1", which holds its previous value in one or more paths through the always construct
Info (10041): Inferred latch for "z1" at calc.v(43)
Info (10041): Inferred latch for "s1" at calc.v(43)
Info (10041): Inferred latch for "v1" at calc.v(43)
Info (10041): Inferred latch for "c1" at calc.v(43)
Info (12128): Elaborating entity "rab" for hierarchy "rab:inst20"
Info (12128): Elaborating entity "mul1" for hierarchy "mul1:inst6"
Info (12128): Elaborating entity "rf" for hierarchy "rf:inst7"
Info (12128): Elaborating entity "mul4" for hierarchy "mul4:inst10"
Info (12128): Elaborating entity "mul2" for hierarchy "mul2:inst19"
Info (12128): Elaborating entity "adder" for hierarchy "adder:inst5"
Info (12128): Elaborating entity "out_reg" for hierarchy "out_reg:inst22"
Info (12128): Elaborating entity "mul6" for hierarchy "mul6:inst23"
Warning (13012): Latch calc:inst1|s1 has unsafe behavior
    Warning (13013): Ports D and ENA on the latch are fed by the same signal ir:ir1|ir_out[7]
Warning (13012): Latch calc:inst1|z1 has unsafe behavior
    Warning (13013): Ports D and ENA on the latch are fed by the same signal ir:ir1|ir_out[7]
Warning (13012): Latch calc:inst1|c1 has unsafe behavior
    Warning (13013): Ports D and ENA on the latch are fed by the same signal ir:ir1|ir_out[7]
Warning (13012): Latch calc:inst1|v1 has unsafe behavior
    Warning (13013): Ports D and ENA on the latch are fed by the same signal ir:ir1|ir_out[7]
    Warning (13013): Ports ENA and CLR on the latch are fed by the same signal ir:ir1|ir_out[15]
Info (18000): Registers with preset signals will power-up high
Info (144001): Generated suppressed messages file /home/014/a0147801/hard3/verilog/output_files/SIMPLE.map.smsg
Info (16010): Generating hard_block partition "hard_block:auto_generated_inst"
    Info (16011): Adding 0 node(s), including 0 DDIO, 0 PLL, 0 transceiver and 0 LCELL
Info (21057): Implemented 1245 device resources after synthesis - the final resource count might be different
    Info (21058): Implemented 5 input pins
    Info (21059): Implemented 25 output pins
    Info (21061): Implemented 1198 logic cells
    Info (21064): Implemented 16 RAM segments
Info: Quartus II 32-bit Analysis & Synthesis was successful. 0 errors, 15 warnings
    Info: Peak virtual memory: 371 megabytes
    Info: Processing ended: Thu Jul 21 19:22:29 2016
    Info: Elapsed time: 00:00:07
    Info: Total CPU time (on all processors): 00:00:06


+------------------------------------------+
; Analysis & Synthesis Suppressed Messages ;
+------------------------------------------+
The suppressed messages can be found in /home/014/a0147801/hard3/verilog/output_files/SIMPLE.map.smsg.


