Analysis & Synthesis report for SIMPLE
Wed Jul 20 19:48:39 2016
Quartus II 32-bit Version 13.0.1 Build 232 06/12/2013 Service Pack 1 SJ Full Version


---------------------
; Table of Contents ;
---------------------
  1. Legal Notice
  2. Analysis & Synthesis Summary
  3. Analysis & Synthesis Settings
  4. Parallel Compilation
  5. Analysis & Synthesis Source Files Read
  6. Analysis & Synthesis Resource Usage Summary
  7. Analysis & Synthesis Resource Utilization by Entity
  8. Analysis & Synthesis RAM Summary
  9. Logic Cells Representing Combinational Loops
 10. General Register Statistics
 11. Inverted Register Statistics
 12. Registers Packed Into Inferred Megafunctions
 13. Multiplexer Restructuring Statistics (Restructuring Performed)
 14. Source assignments for ram02:ram002|altsyncram:bram_rtl_0|altsyncram_jqh1:auto_generated
 15. Parameter Settings for Inferred Entity Instance: ram02:ram002|altsyncram:bram_rtl_0
 16. altsyncram Parameter Settings by Entity Instance
 17. Elapsed Time Per Partition
 18. Analysis & Synthesis Messages
 19. Analysis & Synthesis Suppressed Messages



----------------
; Legal Notice ;
----------------
Copyright (C) 1991-2013 Altera Corporation
Your use of Altera Corporation's design tools, logic functions 
and other software and tools, and its AMPP partner logic 
functions, and any output files from any of the foregoing 
(including device programming or simulation files), and any 
associated documentation or information are expressly subject 
to the terms and conditions of the Altera Program License 
Subscription Agreement, Altera MegaCore Function License 
Agreement, or other applicable license agreement, including, 
without limitation, that your use is for the sole purpose of 
programming logic devices manufactured by Altera and sold by 
Altera or its authorized distributors.  Please refer to the 
applicable agreement for further details.



+--------------------------------------------------------------------------------+
; Analysis & Synthesis Summary                                                   ;
+-----------------------------+--------------------------------------------------+
; Analysis & Synthesis Status ; Successful - Wed Jul 20 19:48:39 2016            ;
; Quartus II 32-bit Version   ; 13.0.1 Build 232 06/12/2013 SP 1 SJ Full Version ;
; Revision Name               ; SIMPLE                                           ;
; Top-level Entity Name       ; SIMPLE                                           ;
; Family                      ; Cyclone                                          ;
; Total logic elements        ; 919                                              ;
; Total pins                  ; 7                                                ;
; Total virtual pins          ; 0                                                ;
; Total memory bits           ; 65,536                                           ;
; Total PLLs                  ; 0                                                ;
+-----------------------------+--------------------------------------------------+


+----------------------------------------------------------------------------------------------------------------------+
; Analysis & Synthesis Settings                                                                                        ;
+----------------------------------------------------------------------------+--------------------+--------------------+
; Option                                                                     ; Setting            ; Default Value      ;
+----------------------------------------------------------------------------+--------------------+--------------------+
; Device                                                                     ; EP1C6Q240C8        ;                    ;
; Top-level entity name                                                      ; SIMPLE             ; SIMPLE             ;
; Family name                                                                ; Cyclone            ; Cyclone IV GX      ;
; Use smart compilation                                                      ; Off                ; Off                ;
; Enable parallel Assembler and TimeQuest Timing Analyzer during compilation ; On                 ; On                 ;
; Enable compact report table                                                ; Off                ; Off                ;
; Restructure Multiplexers                                                   ; Auto               ; Auto               ;
; Create Debugging Nodes for IP Cores                                        ; Off                ; Off                ;
; Preserve fewer node names                                                  ; On                 ; On                 ;
; Disable OpenCore Plus hardware evaluation                                  ; Off                ; Off                ;
; Verilog Version                                                            ; Verilog_2001       ; Verilog_2001       ;
; VHDL Version                                                               ; VHDL_1993          ; VHDL_1993          ;
; State Machine Processing                                                   ; Auto               ; Auto               ;
; Safe State Machine                                                         ; Off                ; Off                ;
; Extract Verilog State Machines                                             ; On                 ; On                 ;
; Extract VHDL State Machines                                                ; On                 ; On                 ;
; Ignore Verilog initial constructs                                          ; Off                ; Off                ;
; Iteration limit for constant Verilog loops                                 ; 5000               ; 5000               ;
; Iteration limit for non-constant Verilog loops                             ; 250                ; 250                ;
; Add Pass-Through Logic to Inferred RAMs                                    ; On                 ; On                 ;
; Infer RAMs from Raw Logic                                                  ; On                 ; On                 ;
; Parallel Synthesis                                                         ; On                 ; On                 ;
; NOT Gate Push-Back                                                         ; On                 ; On                 ;
; Power-Up Don't Care                                                        ; On                 ; On                 ;
; Remove Redundant Logic Cells                                               ; Off                ; Off                ;
; Remove Duplicate Registers                                                 ; On                 ; On                 ;
; Ignore CARRY Buffers                                                       ; Off                ; Off                ;
; Ignore CASCADE Buffers                                                     ; Off                ; Off                ;
; Ignore GLOBAL Buffers                                                      ; Off                ; Off                ;
; Ignore ROW GLOBAL Buffers                                                  ; Off                ; Off                ;
; Ignore LCELL Buffers                                                       ; Off                ; Off                ;
; Ignore SOFT Buffers                                                        ; On                 ; On                 ;
; Limit AHDL Integers to 32 Bits                                             ; Off                ; Off                ;
; Optimization Technique                                                     ; Balanced           ; Balanced           ;
; Carry Chain Length                                                         ; 70                 ; 70                 ;
; Auto Carry Chains                                                          ; On                 ; On                 ;
; Auto Open-Drain Pins                                                       ; On                 ; On                 ;
; Perform WYSIWYG Primitive Resynthesis                                      ; Off                ; Off                ;
; Auto ROM Replacement                                                       ; On                 ; On                 ;
; Auto RAM Replacement                                                       ; On                 ; On                 ;
; Auto Shift Register Replacement                                            ; Auto               ; Auto               ;
; Allow Shift Register Merging across Hierarchies                            ; Auto               ; Auto               ;
; Auto Clock Enable Replacement                                              ; On                 ; On                 ;
; Strict RAM Replacement                                                     ; Off                ; Off                ;
; Allow Synchronous Control Signals                                          ; On                 ; On                 ;
; Force Use of Synchronous Clear Signals                                     ; Off                ; Off                ;
; Auto RAM Block Balancing                                                   ; On                 ; On                 ;
; Auto RAM to Logic Cell Conversion                                          ; Off                ; Off                ;
; Auto Resource Sharing                                                      ; Off                ; Off                ;
; Allow Any RAM Size For Recognition                                         ; Off                ; Off                ;
; Allow Any ROM Size For Recognition                                         ; Off                ; Off                ;
; Allow Any Shift Register Size For Recognition                              ; Off                ; Off                ;
; Use LogicLock Constraints during Resource Balancing                        ; On                 ; On                 ;
; Ignore translate_off and synthesis_off directives                          ; Off                ; Off                ;
; Report Parameter Settings                                                  ; On                 ; On                 ;
; Report Source Assignments                                                  ; On                 ; On                 ;
; Report Connectivity Checks                                                 ; On                 ; On                 ;
; Ignore Maximum Fan-Out Assignments                                         ; Off                ; Off                ;
; Synchronization Register Chain Length                                      ; 2                  ; 2                  ;
; PowerPlay Power Optimization                                               ; Normal compilation ; Normal compilation ;
; HDL message level                                                          ; Level2             ; Level2             ;
; Suppress Register Optimization Related Messages                            ; Off                ; Off                ;
; Number of Removed Registers Reported in Synthesis Report                   ; 5000               ; 5000               ;
; Number of Swept Nodes Reported in Synthesis Report                         ; 5000               ; 5000               ;
; Number of Inverted Registers Reported in Synthesis Report                  ; 100                ; 100                ;
; Clock MUX Protection                                                       ; On                 ; On                 ;
; Block Design Naming                                                        ; Auto               ; Auto               ;
; Synthesis Effort                                                           ; Auto               ; Auto               ;
; Shift Register Replacement - Allow Asynchronous Clear Signal               ; On                 ; On                 ;
; Pre-Mapping Resynthesis Optimization                                       ; Off                ; Off                ;
; Analysis & Synthesis Message Level                                         ; Medium             ; Medium             ;
; Disable Register Merging Across Hierarchies                                ; Auto               ; Auto               ;
; Resource Aware Inference For Block RAM                                     ; On                 ; On                 ;
; Synthesis Seed                                                             ; 1                  ; 1                  ;
+----------------------------------------------------------------------------+--------------------+--------------------+


+------------------------------------------+
; Parallel Compilation                     ;
+----------------------------+-------------+
; Processors                 ; Number      ;
+----------------------------+-------------+
; Number detected on machine ; 2           ;
; Maximum allowed            ; 2           ;
;                            ;             ;
; Average used               ; 1.00        ;
; Maximum used               ; 1           ;
;                            ;             ;
; Usage by Processor         ; % Time Used ;
;     Processor 1            ; 100.0%      ;
;     Processor 2            ;   0.0%      ;
+----------------------------+-------------+


+------------------------------------------------------------------------------------------------------------------------------------------------------------------------------------------------------+
; Analysis & Synthesis Source Files Read                                                                                                                                                               ;
+--------------------------------------+-----------------+-------------------------------------------------------+---------------------------------------------------------------------------+---------+
; File Name with User-Entered Path     ; Used in Netlist ; File Type                                             ; File Name with Absolute Path                                              ; Library ;
+--------------------------------------+-----------------+-------------------------------------------------------+---------------------------------------------------------------------------+---------+
; ../ram02.v                           ; yes             ; User Verilog HDL File                                 ; /home/014/a0147801/hard3/pro/ram02.v                                      ;         ;
; ../szcv.v                            ; yes             ; User Verilog HDL File                                 ; /home/014/a0147801/hard3/pro/szcv.v                                       ;         ;
; ../rf.v                              ; yes             ; User Verilog HDL File                                 ; /home/014/a0147801/hard3/pro/rf.v                                         ;         ;
; ../rab.v                             ; yes             ; User Verilog HDL File                                 ; /home/014/a0147801/hard3/pro/rab.v                                        ;         ;
; ../phase_counter.v                   ; yes             ; User Verilog HDL File                                 ; /home/014/a0147801/hard3/pro/phase_counter.v                              ;         ;
; ../pc.v                              ; yes             ; User Verilog HDL File                                 ; /home/014/a0147801/hard3/pro/pc.v                                         ;         ;
; ../out_reg.v                         ; yes             ; User Verilog HDL File                                 ; /home/014/a0147801/hard3/pro/out_reg.v                                    ;         ;
; ../mul7.v                            ; yes             ; User Verilog HDL File                                 ; /home/014/a0147801/hard3/pro/mul7.v                                       ;         ;
; ../mul6.v                            ; yes             ; User Verilog HDL File                                 ; /home/014/a0147801/hard3/pro/mul6.v                                       ;         ;
; ../mul5.v                            ; yes             ; User Verilog HDL File                                 ; /home/014/a0147801/hard3/pro/mul5.v                                       ;         ;
; ../mul4.v                            ; yes             ; User Verilog HDL File                                 ; /home/014/a0147801/hard3/pro/mul4.v                                       ;         ;
; ../mul3.v                            ; yes             ; User Verilog HDL File                                 ; /home/014/a0147801/hard3/pro/mul3.v                                       ;         ;
; ../mul2.v                            ; yes             ; User Verilog HDL File                                 ; /home/014/a0147801/hard3/pro/mul2.v                                       ;         ;
; ../mul1.v                            ; yes             ; User Verilog HDL File                                 ; /home/014/a0147801/hard3/pro/mul1.v                                       ;         ;
; ../jcalc.v                           ; yes             ; User Verilog HDL File                                 ; /home/014/a0147801/hard3/pro/jcalc.v                                      ;         ;
; ../ir.v                              ; yes             ; User Verilog HDL File                                 ; /home/014/a0147801/hard3/pro/ir.v                                         ;         ;
; ../hlt_dff.v                         ; yes             ; User Verilog HDL File                                 ; /home/014/a0147801/hard3/pro/hlt_dff.v                                    ;         ;
; ../calc.v                            ; yes             ; User Verilog HDL File                                 ; /home/014/a0147801/hard3/pro/calc.v                                       ;         ;
; ../adder.v                           ; yes             ; User Verilog HDL File                                 ; /home/014/a0147801/hard3/pro/adder.v                                      ;         ;
; db/SIMPLE.bdf                        ; yes             ; Auto-Generated Megafunction                           ; /home/014/a0147801/hard3/pro/SIMPLE/db/SIMPLE.bdf                         ;         ;
; altsyncram.tdf                       ; yes             ; Megafunction                                          ; /opt/altera/13.0sp1/quartus/libraries/megafunctions/altsyncram.tdf        ;         ;
; stratix_ram_block.inc                ; yes             ; Megafunction                                          ; /opt/altera/13.0sp1/quartus/libraries/megafunctions/stratix_ram_block.inc ;         ;
; lpm_mux.inc                          ; yes             ; Megafunction                                          ; /opt/altera/13.0sp1/quartus/libraries/megafunctions/lpm_mux.inc           ;         ;
; lpm_decode.inc                       ; yes             ; Megafunction                                          ; /opt/altera/13.0sp1/quartus/libraries/megafunctions/lpm_decode.inc        ;         ;
; aglobal130.inc                       ; yes             ; Megafunction                                          ; /opt/altera/13.0sp1/quartus/libraries/megafunctions/aglobal130.inc        ;         ;
; a_rdenreg.inc                        ; yes             ; Megafunction                                          ; /opt/altera/13.0sp1/quartus/libraries/megafunctions/a_rdenreg.inc         ;         ;
; altrom.inc                           ; yes             ; Megafunction                                          ; /opt/altera/13.0sp1/quartus/libraries/megafunctions/altrom.inc            ;         ;
; altram.inc                           ; yes             ; Megafunction                                          ; /opt/altera/13.0sp1/quartus/libraries/megafunctions/altram.inc            ;         ;
; altdpram.inc                         ; yes             ; Megafunction                                          ; /opt/altera/13.0sp1/quartus/libraries/megafunctions/altdpram.inc          ;         ;
; db/altsyncram_jqh1.tdf               ; yes             ; Auto-Generated Megafunction                           ; /home/014/a0147801/hard3/pro/SIMPLE/db/altsyncram_jqh1.tdf                ;         ;
; db/SIMPLE.ram0_ram02_741f7d9.hdl.mif ; yes             ; Auto-Generated Auto-Found Memory Initialization File  ; /home/014/a0147801/hard3/pro/SIMPLE/db/SIMPLE.ram0_ram02_741f7d9.hdl.mif  ;         ;
+--------------------------------------+-----------------+-------------------------------------------------------+---------------------------------------------------------------------------+---------+


+-----------------------------------------------------+
; Analysis & Synthesis Resource Usage Summary         ;
+---------------------------------------------+-------+
; Resource                                    ; Usage ;
+---------------------------------------------+-------+
; Total logic elements                        ; 919   ;
;     -- Combinational with no register       ; 724   ;
;     -- Register only                        ; 144   ;
;     -- Combinational with a register        ; 51    ;
;                                             ;       ;
; Logic element usage by number of LUT inputs ;       ;
;     -- 4 input functions                    ; 449   ;
;     -- 3 input functions                    ; 250   ;
;     -- 2 input functions                    ; 75    ;
;     -- 1 input functions                    ; 1     ;
;     -- 0 input functions                    ; 0     ;
;                                             ;       ;
; Logic elements by mode                      ;       ;
;     -- normal mode                          ; 837   ;
;     -- arithmetic mode                      ; 82    ;
;     -- qfbk mode                            ; 0     ;
;     -- register cascade mode                ; 0     ;
;     -- synchronous clear/load mode          ; 12    ;
;     -- asynchronous clear/load mode         ; 195   ;
;                                             ;       ;
; Total registers                             ; 195   ;
; Total logic cells in carry chains           ; 88    ;
; I/O pins                                    ; 7     ;
; Total memory bits                           ; 65536 ;
; Maximum fan-out node                        ; clk   ;
; Maximum fan-out                             ; 211   ;
; Total fan-out                               ; 3692  ;
; Average fan-out                             ; 3.92  ;
+---------------------------------------------+-------+


+--------------------------------------------------------------------------------------------------------------------------------------------------------------------------------------------------------------------------------------------------------------------------------------------+
; Analysis & Synthesis Resource Utilization by Entity                                                                                                                                                                                                                                        ;
+-------------------------------------------+-------------+--------------+-------------+------+--------------+--------------+-------------------+------------------+-----------------+------------+---------------------------------------------------------------------------+--------------+
; Compilation Hierarchy Node                ; Logic Cells ; LC Registers ; Memory Bits ; Pins ; Virtual Pins ; LUT-Only LCs ; Register-Only LCs ; LUT/Register LCs ; Carry Chain LCs ; Packed LCs ; Full Hierarchy Name                                                       ; Library Name ;
+-------------------------------------------+-------------+--------------+-------------+------+--------------+--------------+-------------------+------------------+-----------------+------------+---------------------------------------------------------------------------+--------------+
; |SIMPLE                                   ; 919 (0)     ; 195          ; 65536       ; 7    ; 0            ; 724 (0)      ; 144 (0)           ; 51 (0)           ; 88 (0)          ; 0 (0)      ; |SIMPLE                                                                   ; work         ;
;    |adder:inst5|                          ; 12 (12)     ; 0            ; 0           ; 0    ; 0            ; 12 (12)      ; 0 (0)             ; 0 (0)            ; 12 (12)         ; 0 (0)      ; |SIMPLE|adder:inst5                                                       ; work         ;
;    |calc:inst1|                           ; 450 (450)   ; 0            ; 0           ; 0    ; 0            ; 450 (450)    ; 0 (0)             ; 0 (0)            ; 64 (64)         ; 0 (0)      ; |SIMPLE|calc:inst1                                                        ; work         ;
;    |hlt_dff:hlt_dff1|                     ; 1 (1)       ; 1            ; 0           ; 0    ; 0            ; 0 (0)        ; 0 (0)             ; 1 (1)            ; 0 (0)           ; 0 (0)      ; |SIMPLE|hlt_dff:hlt_dff1                                                  ; work         ;
;    |ir:ir1|                               ; 16 (16)     ; 16           ; 0           ; 0    ; 0            ; 0 (0)        ; 16 (16)           ; 0 (0)            ; 0 (0)           ; 0 (0)      ; |SIMPLE|ir:ir1                                                            ; work         ;
;    |jcalc:jcalc|                          ; 3 (3)       ; 0            ; 0           ; 0    ; 0            ; 3 (3)        ; 0 (0)             ; 0 (0)            ; 0 (0)           ; 0 (0)      ; |SIMPLE|jcalc:jcalc                                                       ; work         ;
;    |mul1:inst6|                           ; 128 (128)   ; 0            ; 0           ; 0    ; 0            ; 128 (128)    ; 0 (0)             ; 0 (0)            ; 0 (0)           ; 0 (0)      ; |SIMPLE|mul1:inst6                                                        ; work         ;
;    |mul2:inst19|                          ; 4 (4)       ; 0            ; 0           ; 0    ; 0            ; 4 (4)        ; 0 (0)             ; 0 (0)            ; 0 (0)           ; 0 (0)      ; |SIMPLE|mul2:inst19                                                       ; work         ;
;    |mul3:inst18|                          ; 31 (31)     ; 0            ; 0           ; 0    ; 0            ; 31 (31)      ; 0 (0)             ; 0 (0)            ; 0 (0)           ; 0 (0)      ; |SIMPLE|mul3:inst18                                                       ; work         ;
;    |mul4:mul4_1|                          ; 70 (70)     ; 0            ; 0           ; 0    ; 0            ; 70 (70)      ; 0 (0)             ; 0 (0)            ; 0 (0)           ; 0 (0)      ; |SIMPLE|mul4:mul4_1                                                       ; work         ;
;    |mul5:inst9|                           ; 1 (1)       ; 0            ; 0           ; 0    ; 0            ; 1 (1)        ; 0 (0)             ; 0 (0)            ; 0 (0)           ; 0 (0)      ; |SIMPLE|mul5:inst9                                                        ; work         ;
;    |mul7:inst12|                          ; 16 (16)     ; 0            ; 0           ; 0    ; 0            ; 16 (16)      ; 0 (0)             ; 0 (0)            ; 0 (0)           ; 0 (0)      ; |SIMPLE|mul7:inst12                                                       ; work         ;
;    |pc:pc1|                               ; 13 (13)     ; 12           ; 0           ; 0    ; 0            ; 1 (1)        ; 0 (0)             ; 12 (12)          ; 12 (12)         ; 0 (0)      ; |SIMPLE|pc:pc1                                                            ; work         ;
;    |phase_counter:phase_counter1|         ; 3 (3)       ; 3            ; 0           ; 0    ; 0            ; 0 (0)        ; 0 (0)             ; 3 (3)            ; 0 (0)           ; 0 (0)      ; |SIMPLE|phase_counter:phase_counter1                                      ; work         ;
;    |rab:inst20|                           ; 32 (32)     ; 32           ; 0           ; 0    ; 0            ; 0 (0)        ; 0 (0)             ; 32 (32)          ; 0 (0)           ; 0 (0)      ; |SIMPLE|rab:inst20                                                        ; work         ;
;    |ram02:ram002|                         ; 0 (0)       ; 0            ; 65536       ; 0    ; 0            ; 0 (0)        ; 0 (0)             ; 0 (0)            ; 0 (0)           ; 0 (0)      ; |SIMPLE|ram02:ram002                                                      ; work         ;
;       |altsyncram:bram_rtl_0|             ; 0 (0)       ; 0            ; 65536       ; 0    ; 0            ; 0 (0)        ; 0 (0)             ; 0 (0)            ; 0 (0)           ; 0 (0)      ; |SIMPLE|ram02:ram002|altsyncram:bram_rtl_0                                ; work         ;
;          |altsyncram_jqh1:auto_generated| ; 0 (0)       ; 0            ; 65536       ; 0    ; 0            ; 0 (0)        ; 0 (0)             ; 0 (0)            ; 0 (0)           ; 0 (0)      ; |SIMPLE|ram02:ram002|altsyncram:bram_rtl_0|altsyncram_jqh1:auto_generated ; work         ;
;    |rf:rf1|                               ; 136 (136)   ; 128          ; 0           ; 0    ; 0            ; 8 (8)        ; 128 (128)         ; 0 (0)            ; 0 (0)           ; 0 (0)      ; |SIMPLE|rf:rf1                                                            ; work         ;
;    |szcv:szcv1|                           ; 3 (3)       ; 3            ; 0           ; 0    ; 0            ; 0 (0)        ; 0 (0)             ; 3 (3)            ; 0 (0)           ; 0 (0)      ; |SIMPLE|szcv:szcv1                                                        ; work         ;
+-------------------------------------------+-------------+--------------+-------------+------+--------------+--------------+-------------------+------------------+-----------------+------------+---------------------------------------------------------------------------+--------------+
Note: For table entries with two numbers listed, the numbers in parentheses indicate the number of resources of the given type used by the specific entity alone. The numbers listed outside of parentheses indicate the total resources of the given type used by the specific entity and all of its sub-entities in the hierarchy.


+-------------------------------------------------------------------------------------------------------------------------------------------------------------------------------------------------------------------+
; Analysis & Synthesis RAM Summary                                                                                                                                                                                  ;
+------------------------------------------------------------------------------+------+------------------+--------------+--------------+--------------+--------------+-------+--------------------------------------+
; Name                                                                         ; Type ; Mode             ; Port A Depth ; Port A Width ; Port B Depth ; Port B Width ; Size  ; MIF                                  ;
+------------------------------------------------------------------------------+------+------------------+--------------+--------------+--------------+--------------+-------+--------------------------------------+
; ram02:ram002|altsyncram:bram_rtl_0|altsyncram_jqh1:auto_generated|ALTSYNCRAM ; AUTO ; Simple Dual Port ; 4096         ; 16           ; 4096         ; 16           ; 65536 ; db/SIMPLE.ram0_ram02_741f7d9.hdl.mif ;
+------------------------------------------------------------------------------+------+------------------+--------------+--------------+--------------+--------------+-------+--------------------------------------+


+-------------------------------------------------------------+
; Logic Cells Representing Combinational Loops                ;
+--------------------------------------------------------+----+
; Logic Cell Name                                        ;    ;
+--------------------------------------------------------+----+
; mul7:inst12|mul7out[7]~2                               ;    ;
; mul7:inst12|mul7out[6]~3                               ;    ;
; mul7:inst12|mul7out[5]~4                               ;    ;
; mul7:inst12|mul7out[4]~5                               ;    ;
; mul7:inst12|mul7out[15]~0                              ;    ;
; mul7:inst12|mul7out[14]~1                              ;    ;
; mul7:inst12|mul7out[13]~10                             ;    ;
; mul7:inst12|mul7out[12]~11                             ;    ;
; mul7:inst12|mul7out[11]~12                             ;    ;
; mul7:inst12|mul7out[0]~9                               ;    ;
; mul7:inst12|mul7out[3]~6                               ;    ;
; mul7:inst12|mul7out[2]~7                               ;    ;
; mul7:inst12|mul7out[1]~8                               ;    ;
; mul7:inst12|mul7out[10]~13                             ;    ;
; mul7:inst12|mul7out[9]~14                              ;    ;
; mul7:inst12|mul7out[8]~15                              ;    ;
; Number of logic cells representing combinational loops ; 16 ;
+--------------------------------------------------------+----+
Note: All cells listed above may not be present at the end of synthesis due to various synthesis optimizations.


+------------------------------------------------------+
; General Register Statistics                          ;
+----------------------------------------------+-------+
; Statistic                                    ; Value ;
+----------------------------------------------+-------+
; Total registers                              ; 195   ;
; Number of registers using Synchronous Clear  ; 0     ;
; Number of registers using Synchronous Load   ; 12    ;
; Number of registers using Asynchronous Clear ; 195   ;
; Number of registers using Asynchronous Load  ; 0     ;
; Number of registers using Clock Enable       ; 194   ;
; Number of registers using Preset             ; 0     ;
+----------------------------------------------+-------+


+--------------------------------------------------+
; Inverted Register Statistics                     ;
+----------------------------------------+---------+
; Inverted Register                      ; Fan out ;
+----------------------------------------+---------+
; hlt_dff:hlt_dff1|enable                ; 3       ;
; Total number of inverted registers = 1 ;         ;
+----------------------------------------+---------+


+--------------------------------------------------------+
; Registers Packed Into Inferred Megafunctions           ;
+-----------------------+-------------------------+------+
; Register Name         ; Megafunction            ; Type ;
+-----------------------+-------------------------+------+
; ram02:ram002|q[0..15] ; ram02:ram002|bram_rtl_0 ; RAM  ;
+-----------------------+-------------------------+------+


+----------------------------------------------------------------------------------------------------------------------------------------------+
; Multiplexer Restructuring Statistics (Restructuring Performed)                                                                               ;
+--------------------+-----------+---------------+----------------------+------------------------+------------+--------------------------------+
; Multiplexer Inputs ; Bus Width ; Baseline Area ; Area if Restructured ; Saving if Restructured ; Registered ; Example Multiplexer Output     ;
+--------------------+-----------+---------------+----------------------+------------------------+------------+--------------------------------+
; 3:1                ; 12 bits   ; 24 LEs        ; 12 LEs               ; 12 LEs                 ; Yes        ; |SIMPLE|pc:pc1|pc_out[1]       ;
; 8:1                ; 16 bits   ; 80 LEs        ; 80 LEs               ; 0 LEs                  ; Yes        ; |SIMPLE|rab:inst20|a_out[5]    ;
; 8:1                ; 16 bits   ; 80 LEs        ; 80 LEs               ; 0 LEs                  ; Yes        ; |SIMPLE|rab:inst20|b_out[10]   ;
; 3:1                ; 12 bits   ; 24 LEs        ; 12 LEs               ; 12 LEs                 ; No         ; |SIMPLE|mul3:inst18|address[3] ;
; 40:1               ; 3 bits    ; 78 LEs        ; 36 LEs               ; 42 LEs                 ; No         ; |SIMPLE|calc:inst1|result[11]  ;
; 40:1               ; 3 bits    ; 78 LEs        ; 39 LEs               ; 39 LEs                 ; No         ; |SIMPLE|calc:inst1|result[6]   ;
; 41:1               ; 2 bits    ; 54 LEs        ; 28 LEs               ; 26 LEs                 ; No         ; |SIMPLE|calc:inst1|result[3]   ;
; 41:1               ; 3 bits    ; 81 LEs        ; 36 LEs               ; 45 LEs                 ; No         ; |SIMPLE|mul4:mul4_1|result[14] ;
+--------------------+-----------+---------------+----------------------+------------------------+------------+--------------------------------+


+------------------------------------------------------------------------------------------+
; Source assignments for ram02:ram002|altsyncram:bram_rtl_0|altsyncram_jqh1:auto_generated ;
+---------------------------------+--------------------+------+----------------------------+
; Assignment                      ; Value              ; From ; To                         ;
+---------------------------------+--------------------+------+----------------------------+
; OPTIMIZE_POWER_DURING_SYNTHESIS ; NORMAL_COMPILATION ; -    ; -                          ;
+---------------------------------+--------------------+------+----------------------------+


+--------------------------------------------------------------------------------------------+
; Parameter Settings for Inferred Entity Instance: ram02:ram002|altsyncram:bram_rtl_0        ;
+------------------------------------+--------------------------------------+----------------+
; Parameter Name                     ; Value                                ; Type           ;
+------------------------------------+--------------------------------------+----------------+
; BYTE_SIZE_BLOCK                    ; 8                                    ; Untyped        ;
; AUTO_CARRY_CHAINS                  ; ON                                   ; AUTO_CARRY     ;
; IGNORE_CARRY_BUFFERS               ; OFF                                  ; IGNORE_CARRY   ;
; AUTO_CASCADE_CHAINS                ; ON                                   ; AUTO_CASCADE   ;
; IGNORE_CASCADE_BUFFERS             ; OFF                                  ; IGNORE_CASCADE ;
; WIDTH_BYTEENA                      ; 1                                    ; Untyped        ;
; OPERATION_MODE                     ; DUAL_PORT                            ; Untyped        ;
; WIDTH_A                            ; 16                                   ; Untyped        ;
; WIDTHAD_A                          ; 12                                   ; Untyped        ;
; NUMWORDS_A                         ; 4096                                 ; Untyped        ;
; OUTDATA_REG_A                      ; UNREGISTERED                         ; Untyped        ;
; ADDRESS_ACLR_A                     ; NONE                                 ; Untyped        ;
; OUTDATA_ACLR_A                     ; NONE                                 ; Untyped        ;
; WRCONTROL_ACLR_A                   ; NONE                                 ; Untyped        ;
; INDATA_ACLR_A                      ; NONE                                 ; Untyped        ;
; BYTEENA_ACLR_A                     ; NONE                                 ; Untyped        ;
; WIDTH_B                            ; 16                                   ; Untyped        ;
; WIDTHAD_B                          ; 12                                   ; Untyped        ;
; NUMWORDS_B                         ; 4096                                 ; Untyped        ;
; INDATA_REG_B                       ; CLOCK1                               ; Untyped        ;
; WRCONTROL_WRADDRESS_REG_B          ; CLOCK1                               ; Untyped        ;
; RDCONTROL_REG_B                    ; CLOCK1                               ; Untyped        ;
; ADDRESS_REG_B                      ; CLOCK1                               ; Untyped        ;
; OUTDATA_REG_B                      ; UNREGISTERED                         ; Untyped        ;
; BYTEENA_REG_B                      ; CLOCK1                               ; Untyped        ;
; INDATA_ACLR_B                      ; NONE                                 ; Untyped        ;
; WRCONTROL_ACLR_B                   ; NONE                                 ; Untyped        ;
; ADDRESS_ACLR_B                     ; NONE                                 ; Untyped        ;
; OUTDATA_ACLR_B                     ; NONE                                 ; Untyped        ;
; RDCONTROL_ACLR_B                   ; NONE                                 ; Untyped        ;
; BYTEENA_ACLR_B                     ; NONE                                 ; Untyped        ;
; WIDTH_BYTEENA_A                    ; 1                                    ; Untyped        ;
; WIDTH_BYTEENA_B                    ; 1                                    ; Untyped        ;
; RAM_BLOCK_TYPE                     ; AUTO                                 ; Untyped        ;
; BYTE_SIZE                          ; 8                                    ; Untyped        ;
; READ_DURING_WRITE_MODE_MIXED_PORTS ; DONT_CARE                            ; Untyped        ;
; READ_DURING_WRITE_MODE_PORT_A      ; NEW_DATA_NO_NBE_READ                 ; Untyped        ;
; READ_DURING_WRITE_MODE_PORT_B      ; NEW_DATA_NO_NBE_READ                 ; Untyped        ;
; INIT_FILE                          ; db/SIMPLE.ram0_ram02_741f7d9.hdl.mif ; Untyped        ;
; INIT_FILE_LAYOUT                   ; PORT_A                               ; Untyped        ;
; MAXIMUM_DEPTH                      ; 0                                    ; Untyped        ;
; CLOCK_ENABLE_INPUT_A               ; NORMAL                               ; Untyped        ;
; CLOCK_ENABLE_INPUT_B               ; NORMAL                               ; Untyped        ;
; CLOCK_ENABLE_OUTPUT_A              ; NORMAL                               ; Untyped        ;
; CLOCK_ENABLE_OUTPUT_B              ; NORMAL                               ; Untyped        ;
; CLOCK_ENABLE_CORE_A                ; USE_INPUT_CLKEN                      ; Untyped        ;
; CLOCK_ENABLE_CORE_B                ; USE_INPUT_CLKEN                      ; Untyped        ;
; ENABLE_ECC                         ; FALSE                                ; Untyped        ;
; ECC_PIPELINE_STAGE_ENABLED         ; FALSE                                ; Untyped        ;
; WIDTH_ECCSTATUS                    ; 3                                    ; Untyped        ;
; DEVICE_FAMILY                      ; Cyclone                              ; Untyped        ;
; CBXI_PARAMETER                     ; altsyncram_jqh1                      ; Untyped        ;
+------------------------------------+--------------------------------------+----------------+
Note: In order to hide this table in the UI and the text report file, please set the "Show Parameter Settings in Synthesis Report" option in "Analysis and Synthesis Settings -> More Settings" to "Off".


+--------------------------------------------------------------------------------+
; altsyncram Parameter Settings by Entity Instance                               ;
+-------------------------------------------+------------------------------------+
; Name                                      ; Value                              ;
+-------------------------------------------+------------------------------------+
; Number of entity instances                ; 1                                  ;
; Entity Instance                           ; ram02:ram002|altsyncram:bram_rtl_0 ;
;     -- OPERATION_MODE                     ; DUAL_PORT                          ;
;     -- WIDTH_A                            ; 16                                 ;
;     -- NUMWORDS_A                         ; 4096                               ;
;     -- OUTDATA_REG_A                      ; UNREGISTERED                       ;
;     -- WIDTH_B                            ; 16                                 ;
;     -- NUMWORDS_B                         ; 4096                               ;
;     -- ADDRESS_REG_B                      ; CLOCK1                             ;
;     -- OUTDATA_REG_B                      ; UNREGISTERED                       ;
;     -- RAM_BLOCK_TYPE                     ; AUTO                               ;
;     -- READ_DURING_WRITE_MODE_MIXED_PORTS ; DONT_CARE                          ;
+-------------------------------------------+------------------------------------+


+-------------------------------+
; Elapsed Time Per Partition    ;
+----------------+--------------+
; Partition Name ; Elapsed Time ;
+----------------+--------------+
; Top            ; 00:00:02     ;
+----------------+--------------+


+-------------------------------+
; Analysis & Synthesis Messages ;
+-------------------------------+
Info: *******************************************************************
Info: Running Quartus II 32-bit Analysis & Synthesis
    Info: Version 13.0.1 Build 232 06/12/2013 Service Pack 1 SJ Full Version
    Info: Processing started: Wed Jul 20 19:48:35 2016
Info: Command: quartus_map --read_settings_files=on --write_settings_files=off SIMPLE -c SIMPLE
Info (20030): Parallel compilation is enabled and will use 2 of the 2 processors detected
Warning (10335): Unrecognized synthesis attribute "ram_style" at ../ram02.v(10)
Info (12021): Found 1 design units, including 1 entities, in source file /home/014/a0147801/hard3/pro/ram02.v
    Info (12023): Found entity 1: ram02
Info (12021): Found 1 design units, including 1 entities, in source file /home/014/a0147801/hard3/pro/szcv.v
    Info (12023): Found entity 1: szcv
Info (12021): Found 1 design units, including 1 entities, in source file /home/014/a0147801/hard3/pro/rf.v
    Info (12023): Found entity 1: rf
Info (12021): Found 1 design units, including 1 entities, in source file /home/014/a0147801/hard3/pro/rab.v
    Info (12023): Found entity 1: rab
Info (12021): Found 1 design units, including 1 entities, in source file /home/014/a0147801/hard3/pro/phase_counter.v
    Info (12023): Found entity 1: phase_counter
Info (12021): Found 1 design units, including 1 entities, in source file /home/014/a0147801/hard3/pro/pc.v
    Info (12023): Found entity 1: pc
Info (12021): Found 1 design units, including 1 entities, in source file /home/014/a0147801/hard3/pro/out_reg.v
    Info (12023): Found entity 1: out_reg
Info (12021): Found 1 design units, including 1 entities, in source file /home/014/a0147801/hard3/pro/mul7.v
    Info (12023): Found entity 1: mul7
Info (12021): Found 1 design units, including 1 entities, in source file /home/014/a0147801/hard3/pro/mul6.v
    Info (12023): Found entity 1: mul6
Info (12021): Found 1 design units, including 1 entities, in source file /home/014/a0147801/hard3/pro/mul5.v
    Info (12023): Found entity 1: mul5
Info (12021): Found 1 design units, including 1 entities, in source file /home/014/a0147801/hard3/pro/mul4.v
    Info (12023): Found entity 1: mul4
Info (12021): Found 1 design units, including 1 entities, in source file /home/014/a0147801/hard3/pro/mul3.v
    Info (12023): Found entity 1: mul3
Info (12021): Found 1 design units, including 1 entities, in source file /home/014/a0147801/hard3/pro/mul2.v
    Info (12023): Found entity 1: mul2
Info (12021): Found 1 design units, including 1 entities, in source file /home/014/a0147801/hard3/pro/mul1.v
    Info (12023): Found entity 1: mul1
Info (12021): Found 1 design units, including 1 entities, in source file /home/014/a0147801/hard3/pro/jcalc.v
    Info (12023): Found entity 1: jcalc
Info (12021): Found 1 design units, including 1 entities, in source file /home/014/a0147801/hard3/pro/ir.v
    Info (12023): Found entity 1: ir
Info (12021): Found 1 design units, including 1 entities, in source file /home/014/a0147801/hard3/pro/hlt_dff.v
    Info (12023): Found entity 1: hlt_dff
Info (12021): Found 1 design units, including 1 entities, in source file /home/014/a0147801/hard3/pro/control_unit.v
    Info (12023): Found entity 1: control_unit
Info (12021): Found 1 design units, including 1 entities, in source file /home/014/a0147801/hard3/pro/calc_test.v
    Info (12023): Found entity 1: calc_test
Info (12021): Found 1 design units, including 1 entities, in source file /home/014/a0147801/hard3/pro/calc.v
    Info (12023): Found entity 1: calc
Info (12021): Found 1 design units, including 1 entities, in source file /home/014/a0147801/hard3/pro/adder.v
    Info (12023): Found entity 1: adder
Info (12021): Found 1 design units, including 1 entities, in source file ram01.v
    Info (12023): Found entity 1: ram01
Info (12021): Found 1 design units, including 1 entities, in source file db/SIMPLE.bdf
    Info (12023): Found entity 1: SIMPLE
Info (12127): Elaborating entity "SIMPLE" for the top level hierarchy
Info (12128): Elaborating entity "phase_counter" for hierarchy "phase_counter:phase_counter1"
Info (10264): Verilog HDL Case Statement information at phase_counter.v(16): all case item expressions in this case statement are onehot
Info (12128): Elaborating entity "hlt_dff" for hierarchy "hlt_dff:hlt_dff1"
Info (12128): Elaborating entity "ir" for hierarchy "ir:ir1"
Info (12128): Elaborating entity "mul7" for hierarchy "mul7:inst12"
Info (12128): Elaborating entity "ram02" for hierarchy "ram02:ram002"
Info (12128): Elaborating entity "mul3" for hierarchy "mul3:inst18"
Info (12128): Elaborating entity "pc" for hierarchy "pc:pc1"
Info (12128): Elaborating entity "mul5" for hierarchy "mul5:inst9"
Info (12128): Elaborating entity "jcalc" for hierarchy "jcalc:jcalc"
Info (12128): Elaborating entity "szcv" for hierarchy "szcv:szcv1"
Info (12128): Elaborating entity "calc" for hierarchy "calc:inst1"
Info (10264): Verilog HDL Case Statement information at calc.v(365): all case item expressions in this case statement are onehot
Info (12128): Elaborating entity "rab" for hierarchy "rab:inst20"
Info (12128): Elaborating entity "mul1" for hierarchy "mul1:inst6"
Info (12128): Elaborating entity "rf" for hierarchy "rf:rf1"
Info (12128): Elaborating entity "mul4" for hierarchy "mul4:mul4_1"
Info (12128): Elaborating entity "mul2" for hierarchy "mul2:inst19"
Info (12128): Elaborating entity "adder" for hierarchy "adder:inst5"
Info (12128): Elaborating entity "mul6" for hierarchy "mul6:inst"
Info (12128): Elaborating entity "out_reg" for hierarchy "out_reg:inst4"
Warning (276027): Inferred dual-clock RAM node "ram02:ram002|bram_rtl_0" from synchronous design logic.  The read-during-write behavior of a dual-clock RAM is undefined and may not match the behavior of the original design.
Info (19000): Inferred 1 megafunctions from design logic
    Info (276029): Inferred altsyncram megafunction from the following design logic: "ram02:ram002|bram_rtl_0" 
        Info (286033): Parameter OPERATION_MODE set to DUAL_PORT
        Info (286033): Parameter WIDTH_A set to 16
        Info (286033): Parameter WIDTHAD_A set to 12
        Info (286033): Parameter NUMWORDS_A set to 4096
        Info (286033): Parameter WIDTH_B set to 16
        Info (286033): Parameter WIDTHAD_B set to 12
        Info (286033): Parameter NUMWORDS_B set to 4096
        Info (286033): Parameter ADDRESS_ACLR_A set to NONE
        Info (286033): Parameter OUTDATA_REG_B set to UNREGISTERED
        Info (286033): Parameter ADDRESS_ACLR_B set to NONE
        Info (286033): Parameter OUTDATA_ACLR_B set to NONE
        Info (286033): Parameter ADDRESS_REG_B set to CLOCK1
        Info (286033): Parameter INDATA_ACLR_A set to NONE
        Info (286033): Parameter WRCONTROL_ACLR_A set to NONE
        Info (286033): Parameter INIT_FILE set to db/SIMPLE.ram0_ram02_741f7d9.hdl.mif
Info (12130): Elaborated megafunction instantiation "ram02:ram002|altsyncram:bram_rtl_0"
Info (12133): Instantiated megafunction "ram02:ram002|altsyncram:bram_rtl_0" with the following parameter:
    Info (12134): Parameter "OPERATION_MODE" = "DUAL_PORT"
    Info (12134): Parameter "WIDTH_A" = "16"
    Info (12134): Parameter "WIDTHAD_A" = "12"
    Info (12134): Parameter "NUMWORDS_A" = "4096"
    Info (12134): Parameter "WIDTH_B" = "16"
    Info (12134): Parameter "WIDTHAD_B" = "12"
    Info (12134): Parameter "NUMWORDS_B" = "4096"
    Info (12134): Parameter "ADDRESS_ACLR_A" = "NONE"
    Info (12134): Parameter "OUTDATA_REG_B" = "UNREGISTERED"
    Info (12134): Parameter "ADDRESS_ACLR_B" = "NONE"
    Info (12134): Parameter "OUTDATA_ACLR_B" = "NONE"
    Info (12134): Parameter "ADDRESS_REG_B" = "CLOCK1"
    Info (12134): Parameter "INDATA_ACLR_A" = "NONE"
    Info (12134): Parameter "WRCONTROL_ACLR_A" = "NONE"
    Info (12134): Parameter "INIT_FILE" = "db/SIMPLE.ram0_ram02_741f7d9.hdl.mif"
Info (12021): Found 1 design units, including 1 entities, in source file db/altsyncram_jqh1.tdf
    Info (12023): Found entity 1: altsyncram_jqh1
Warning (127007): Memory Initialization File or Hexadecimal (Intel-Format) File "/home/014/a0147801/hard3/pro/SIMPLE/db/SIMPLE.ram0_ram02_741f7d9.hdl.mif" contains "don't care" values -- overwriting them with 0s
Warning (127007): Memory Initialization File or Hexadecimal (Intel-Format) File "/home/014/a0147801/hard3/pro/SIMPLE/db/SIMPLE.ram0_ram02_741f7d9.hdl.mif" contains "don't care" values -- overwriting them with 0s
Warning (13024): Output pins are stuck at VCC or GND
    Warning (13410): Pin "pin_name4" is stuck at GND
    Warning (13410): Pin "pin_name5" is stuck at GND
Info (18000): Registers with preset signals will power-up high
Info (144001): Generated suppressed messages file /home/014/a0147801/hard3/pro/SIMPLE/output_files/SIMPLE.map.smsg
Info (16010): Generating hard_block partition "hard_block:auto_generated_inst"
    Info (16011): Adding 0 node(s), including 0 DDIO, 0 PLL, 0 transceiver and 0 LCELL
Info (21057): Implemented 942 device resources after synthesis - the final resource count might be different
    Info (21058): Implemented 2 input pins
    Info (21059): Implemented 5 output pins
    Info (21061): Implemented 919 logic cells
    Info (21064): Implemented 16 RAM segments
Info: Quartus II 32-bit Analysis & Synthesis was successful. 0 errors, 7 warnings
    Info: Peak virtual memory: 341 megabytes
    Info: Processing ended: Wed Jul 20 19:48:39 2016
    Info: Elapsed time: 00:00:04
    Info: Total CPU time (on all processors): 00:00:04


+------------------------------------------+
; Analysis & Synthesis Suppressed Messages ;
+------------------------------------------+
The suppressed messages can be found in /home/014/a0147801/hard3/pro/SIMPLE/output_files/SIMPLE.map.smsg.


